2023-08-11 09:00:23,568 INFO org.springframework.boot.StartupInfoLogger [main] Starting CozastoreJava21Application using Java 14.0.1 on DESKTOP-7M60ITO with PID 13392 (C:\Users\USER\Downloads\git_project\cozastore_java21\target\classes started by USER in C:\Users\USER\Downloads\git_project\cozastore_java21)
2023-08-11 09:00:23,568 INFO org.hibernate.validator.internal.util.Version [background-preinit] HV000001: Hibernate Validator 6.2.5.Final
2023-08-11 09:00:23,581 INFO org.springframework.boot.SpringApplication [main] No active profile set, falling back to 1 default profile: "default"
2023-08-11 09:00:25,119 INFO org.springframework.data.repository.config.RepositoryConfigurationDelegate [main] Multiple Spring Data modules found, entering strict repository configuration mode
2023-08-11 09:00:25,122 INFO org.springframework.data.repository.config.RepositoryConfigurationDelegate [main] Bootstrapping Spring Data JPA repositories in DEFAULT mode.
2023-08-11 09:00:25,389 INFO org.springframework.data.repository.config.RepositoryConfigurationDelegate [main] Finished Spring Data repository scanning in 255 ms. Found 7 JPA repository interfaces.
2023-08-11 09:00:25,416 INFO org.springframework.data.repository.config.RepositoryConfigurationDelegate [main] Multiple Spring Data modules found, entering strict repository configuration mode
2023-08-11 09:00:25,418 INFO org.springframework.data.repository.config.RepositoryConfigurationDelegate [main] Bootstrapping Spring Data Redis repositories in DEFAULT mode.
2023-08-11 09:00:25,443 INFO org.springframework.data.repository.config.RepositoryConfigurationExtensionSupport [main] Spring Data Redis - Could not safely identify store assignment for repository candidate interface com.cybersoft.cozastore_java21.repository.CategoryRepository; If you want this repository to be a Redis repository, consider annotating your entities with one of these annotations: org.springframework.data.redis.core.RedisHash (preferred), or consider extending one of the following types with your repository: org.springframework.data.keyvalue.repository.KeyValueRepository
2023-08-11 09:00:25,444 INFO org.springframework.data.repository.config.RepositoryConfigurationExtensionSupport [main] Spring Data Redis - Could not safely identify store assignment for repository candidate interface com.cybersoft.cozastore_java21.repository.ColorRepository; If you want this repository to be a Redis repository, consider annotating your entities with one of these annotations: org.springframework.data.redis.core.RedisHash (preferred), or consider extending one of the following types with your repository: org.springframework.data.keyvalue.repository.KeyValueRepository
2023-08-11 09:00:25,445 INFO org.springframework.data.repository.config.RepositoryConfigurationExtensionSupport [main] Spring Data Redis - Could not safely identify store assignment for repository candidate interface com.cybersoft.cozastore_java21.repository.OrderDetailRepository; If you want this repository to be a Redis repository, consider annotating your entities with one of these annotations: org.springframework.data.redis.core.RedisHash (preferred), or consider extending one of the following types with your repository: org.springframework.data.keyvalue.repository.KeyValueRepository
2023-08-11 09:00:25,446 INFO org.springframework.data.repository.config.RepositoryConfigurationExtensionSupport [main] Spring Data Redis - Could not safely identify store assignment for repository candidate interface com.cybersoft.cozastore_java21.repository.OrderRepository; If you want this repository to be a Redis repository, consider annotating your entities with one of these annotations: org.springframework.data.redis.core.RedisHash (preferred), or consider extending one of the following types with your repository: org.springframework.data.keyvalue.repository.KeyValueRepository
2023-08-11 09:00:25,448 INFO org.springframework.data.repository.config.RepositoryConfigurationExtensionSupport [main] Spring Data Redis - Could not safely identify store assignment for repository candidate interface com.cybersoft.cozastore_java21.repository.ProductRepository; If you want this repository to be a Redis repository, consider annotating your entities with one of these annotations: org.springframework.data.redis.core.RedisHash (preferred), or consider extending one of the following types with your repository: org.springframework.data.keyvalue.repository.KeyValueRepository
2023-08-11 09:00:25,448 INFO org.springframework.data.repository.config.RepositoryConfigurationExtensionSupport [main] Spring Data Redis - Could not safely identify store assignment for repository candidate interface com.cybersoft.cozastore_java21.repository.SizeRepository; If you want this repository to be a Redis repository, consider annotating your entities with one of these annotations: org.springframework.data.redis.core.RedisHash (preferred), or consider extending one of the following types with your repository: org.springframework.data.keyvalue.repository.KeyValueRepository
2023-08-11 09:00:25,449 INFO org.springframework.data.repository.config.RepositoryConfigurationExtensionSupport [main] Spring Data Redis - Could not safely identify store assignment for repository candidate interface com.cybersoft.cozastore_java21.repository.UserRepository; If you want this repository to be a Redis repository, consider annotating your entities with one of these annotations: org.springframework.data.redis.core.RedisHash (preferred), or consider extending one of the following types with your repository: org.springframework.data.keyvalue.repository.KeyValueRepository
2023-08-11 09:00:25,451 INFO org.springframework.data.repository.config.RepositoryConfigurationDelegate [main] Finished Spring Data repository scanning in 15 ms. Found 0 Redis repository interfaces.
2023-08-11 09:00:26,505 INFO org.springframework.boot.web.embedded.tomcat.TomcatWebServer [main] Tomcat initialized with port(s): 8080 (http)
2023-08-11 09:00:26,520 INFO org.apache.juli.logging.DirectJDKLog [main] Initializing ProtocolHandler ["http-nio-8080"]
2023-08-11 09:00:26,521 INFO org.apache.juli.logging.DirectJDKLog [main] Starting service [Tomcat]
2023-08-11 09:00:26,521 INFO org.apache.juli.logging.DirectJDKLog [main] Starting Servlet engine: [Apache Tomcat/9.0.75]
2023-08-11 09:00:26,814 INFO org.apache.juli.logging.DirectJDKLog [main] Initializing Spring embedded WebApplicationContext
2023-08-11 09:00:26,814 INFO org.springframework.boot.web.servlet.context.ServletWebServerApplicationContext [main] Root WebApplicationContext: initialization completed in 3103 ms
2023-08-11 09:00:27,817 INFO org.hibernate.jpa.internal.util.LogHelper [main] HHH000204: Processing PersistenceUnitInfo [name: default]
2023-08-11 09:00:27,919 INFO org.hibernate.Version [main] HHH000412: Hibernate ORM core version 5.6.15.Final
2023-08-11 09:00:28,230 INFO org.hibernate.annotations.common.reflection.java.JavaReflectionManager [main] HCANN000001: Hibernate Commons Annotations {5.1.2.Final}
2023-08-11 09:00:28,473 INFO com.zaxxer.hikari.HikariDataSource [main] HikariPool-1 - Starting...
2023-08-11 09:00:29,189 INFO com.zaxxer.hikari.HikariDataSource [main] HikariPool-1 - Start completed.
2023-08-11 09:00:29,241 INFO org.hibernate.dialect.Dialect [main] HHH000400: Using dialect: org.hibernate.dialect.MySQL8Dialect
2023-08-11 09:00:29,933 WARN org.hibernate.mapping.RootClass [main] HHH000038: Composite-id class does not override equals(): com.cybersoft.cozastore_java21.entity.ids.CategoryTagIds
2023-08-11 09:00:29,934 WARN org.hibernate.mapping.RootClass [main] HHH000039: Composite-id class does not override hashCode(): com.cybersoft.cozastore_java21.entity.ids.CategoryTagIds
2023-08-11 09:00:29,935 WARN org.hibernate.mapping.RootClass [main] HHH000038: Composite-id class does not override equals(): com.cybersoft.cozastore_java21.entity.ids.OrderDetailIds
2023-08-11 09:00:29,935 WARN org.hibernate.mapping.RootClass [main] HHH000039: Composite-id class does not override hashCode(): com.cybersoft.cozastore_java21.entity.ids.OrderDetailIds
2023-08-11 09:00:29,936 WARN org.hibernate.mapping.RootClass [main] HHH000038: Composite-id class does not override equals(): com.cybersoft.cozastore_java21.entity.ids.TagBlogIds
2023-08-11 09:00:29,937 WARN org.hibernate.mapping.RootClass [main] HHH000039: Composite-id class does not override hashCode(): com.cybersoft.cozastore_java21.entity.ids.TagBlogIds
2023-08-11 09:00:30,521 INFO org.hibernate.engine.transaction.jta.platform.internal.JtaPlatformInitiator [main] HHH000490: Using JtaPlatform implementation: [org.hibernate.engine.transaction.jta.platform.internal.NoJtaPlatform]
2023-08-11 09:00:30,532 INFO org.springframework.orm.jpa.AbstractEntityManagerFactoryBean [main] Initialized JPA EntityManagerFactory for persistence unit 'default'
2023-08-11 09:00:31,792 INFO org.springframework.security.web.DefaultSecurityFilterChain [main] Will secure any request with [org.springframework.security.web.session.DisableEncodeUrlFilter@7b1b1784, org.springframework.security.web.context.request.async.WebAsyncManagerIntegrationFilter@288e50c1, org.springframework.security.web.context.SecurityContextPersistenceFilter@4917992b, org.springframework.security.web.header.HeaderWriterFilter@6915351c, org.springframework.security.web.authentication.logout.LogoutFilter@2f83467, com.cybersoft.cozastore_java21.filter.JwtFilter@839df62, org.springframework.security.web.savedrequest.RequestCacheAwareFilter@1e9d6c78, org.springframework.security.web.servletapi.SecurityContextHolderAwareRequestFilter@5e3a5f0c, org.springframework.security.web.authentication.AnonymousAuthenticationFilter@58e0d1ac, org.springframework.security.web.session.SessionManagementFilter@3453f79c, org.springframework.security.web.access.ExceptionTranslationFilter@62966c9f, org.springframework.security.web.access.intercept.AuthorizationFilter@69374e28]
2023-08-11 09:00:31,871 WARN org.springframework.boot.autoconfigure.orm.jpa.JpaBaseConfiguration$JpaWebConfiguration [main] spring.jpa.open-in-view is enabled by default. Therefore, database queries may be performed during view rendering. Explicitly configure spring.jpa.open-in-view to disable this warning
2023-08-11 09:00:32,743 INFO org.apache.juli.logging.DirectJDKLog [main] Starting ProtocolHandler ["http-nio-8080"]
2023-08-11 09:00:32,786 INFO org.springframework.boot.web.embedded.tomcat.TomcatWebServer [main] Tomcat started on port(s): 8080 (http) with context path ''
2023-08-11 09:00:32,801 INFO org.springframework.boot.StartupInfoLogger [main] Started CozastoreJava21Application in 10.071 seconds (JVM running for 11.134)
2023-08-11 09:01:07,148 INFO org.apache.juli.logging.DirectJDKLog [http-nio-8080-exec-1] Initializing Spring DispatcherServlet 'dispatcherServlet'
2023-08-11 09:01:07,149 INFO org.springframework.web.servlet.FrameworkServlet [http-nio-8080-exec-1] Initializing Servlet 'dispatcherServlet'
2023-08-11 09:01:07,150 INFO org.springframework.web.servlet.FrameworkServlet [http-nio-8080-exec-1] Completed initialization in 1 ms
2023-08-11 09:12:28,985 INFO org.springframework.orm.jpa.AbstractEntityManagerFactoryBean [SpringApplicationShutdownHook] Closing JPA EntityManagerFactory for persistence unit 'default'
2023-08-11 09:12:28,989 INFO com.zaxxer.hikari.HikariDataSource [SpringApplicationShutdownHook] HikariPool-1 - Shutdown initiated...
2023-08-11 09:12:29,016 INFO com.zaxxer.hikari.HikariDataSource [SpringApplicationShutdownHook] HikariPool-1 - Shutdown completed.
2023-08-11 09:12:34,230 INFO org.hibernate.validator.internal.util.Version [background-preinit] HV000001: Hibernate Validator 6.2.5.Final
2023-08-11 09:12:34,230 INFO org.springframework.boot.StartupInfoLogger [main] Starting CozastoreJava21Application using Java 14.0.1 on DESKTOP-7M60ITO with PID 9556 (C:\Users\USER\Downloads\git_project\cozastore_java21\target\classes started by USER in C:\Users\USER\Downloads\git_project\cozastore_java21)
2023-08-11 09:12:34,236 INFO org.springframework.boot.SpringApplication [main] No active profile set, falling back to 1 default profile: "default"
2023-08-11 09:12:35,361 INFO org.springframework.data.repository.config.RepositoryConfigurationDelegate [main] Multiple Spring Data modules found, entering strict repository configuration mode
2023-08-11 09:12:35,364 INFO org.springframework.data.repository.config.RepositoryConfigurationDelegate [main] Bootstrapping Spring Data JPA repositories in DEFAULT mode.
2023-08-11 09:12:35,563 INFO org.springframework.data.repository.config.RepositoryConfigurationDelegate [main] Finished Spring Data repository scanning in 186 ms. Found 7 JPA repository interfaces.
2023-08-11 09:12:35,590 INFO org.springframework.data.repository.config.RepositoryConfigurationDelegate [main] Multiple Spring Data modules found, entering strict repository configuration mode
2023-08-11 09:12:35,592 INFO org.springframework.data.repository.config.RepositoryConfigurationDelegate [main] Bootstrapping Spring Data Redis repositories in DEFAULT mode.
2023-08-11 09:12:35,617 INFO org.springframework.data.repository.config.RepositoryConfigurationExtensionSupport [main] Spring Data Redis - Could not safely identify store assignment for repository candidate interface com.cybersoft.cozastore_java21.repository.CategoryRepository; If you want this repository to be a Redis repository, consider annotating your entities with one of these annotations: org.springframework.data.redis.core.RedisHash (preferred), or consider extending one of the following types with your repository: org.springframework.data.keyvalue.repository.KeyValueRepository
2023-08-11 09:12:35,618 INFO org.springframework.data.repository.config.RepositoryConfigurationExtensionSupport [main] Spring Data Redis - Could not safely identify store assignment for repository candidate interface com.cybersoft.cozastore_java21.repository.ColorRepository; If you want this repository to be a Redis repository, consider annotating your entities with one of these annotations: org.springframework.data.redis.core.RedisHash (preferred), or consider extending one of the following types with your repository: org.springframework.data.keyvalue.repository.KeyValueRepository
2023-08-11 09:12:35,618 INFO org.springframework.data.repository.config.RepositoryConfigurationExtensionSupport [main] Spring Data Redis - Could not safely identify store assignment for repository candidate interface com.cybersoft.cozastore_java21.repository.OrderDetailRepository; If you want this repository to be a Redis repository, consider annotating your entities with one of these annotations: org.springframework.data.redis.core.RedisHash (preferred), or consider extending one of the following types with your repository: org.springframework.data.keyvalue.repository.KeyValueRepository
2023-08-11 09:12:35,619 INFO org.springframework.data.repository.config.RepositoryConfigurationExtensionSupport [main] Spring Data Redis - Could not safely identify store assignment for repository candidate interface com.cybersoft.cozastore_java21.repository.OrderRepository; If you want this repository to be a Redis repository, consider annotating your entities with one of these annotations: org.springframework.data.redis.core.RedisHash (preferred), or consider extending one of the following types with your repository: org.springframework.data.keyvalue.repository.KeyValueRepository
2023-08-11 09:12:35,621 INFO org.springframework.data.repository.config.RepositoryConfigurationExtensionSupport [main] Spring Data Redis - Could not safely identify store assignment for repository candidate interface com.cybersoft.cozastore_java21.repository.ProductRepository; If you want this repository to be a Redis repository, consider annotating your entities with one of these annotations: org.springframework.data.redis.core.RedisHash (preferred), or consider extending one of the following types with your repository: org.springframework.data.keyvalue.repository.KeyValueRepository
2023-08-11 09:12:35,622 INFO org.springframework.data.repository.config.RepositoryConfigurationExtensionSupport [main] Spring Data Redis - Could not safely identify store assignment for repository candidate interface com.cybersoft.cozastore_java21.repository.SizeRepository; If you want this repository to be a Redis repository, consider annotating your entities with one of these annotations: org.springframework.data.redis.core.RedisHash (preferred), or consider extending one of the following types with your repository: org.springframework.data.keyvalue.repository.KeyValueRepository
2023-08-11 09:12:35,622 INFO org.springframework.data.repository.config.RepositoryConfigurationExtensionSupport [main] Spring Data Redis - Could not safely identify store assignment for repository candidate interface com.cybersoft.cozastore_java21.repository.UserRepository; If you want this repository to be a Redis repository, consider annotating your entities with one of these annotations: org.springframework.data.redis.core.RedisHash (preferred), or consider extending one of the following types with your repository: org.springframework.data.keyvalue.repository.KeyValueRepository
2023-08-11 09:12:35,623 INFO org.springframework.data.repository.config.RepositoryConfigurationDelegate [main] Finished Spring Data repository scanning in 19 ms. Found 0 Redis repository interfaces.
2023-08-11 09:12:36,455 INFO org.springframework.boot.web.embedded.tomcat.TomcatWebServer [main] Tomcat initialized with port(s): 8080 (http)
2023-08-11 09:12:36,477 INFO org.apache.juli.logging.DirectJDKLog [main] Initializing ProtocolHandler ["http-nio-8080"]
2023-08-11 09:12:36,478 INFO org.apache.juli.logging.DirectJDKLog [main] Starting service [Tomcat]
2023-08-11 09:12:36,478 INFO org.apache.juli.logging.DirectJDKLog [main] Starting Servlet engine: [Apache Tomcat/9.0.75]
2023-08-11 09:12:36,729 INFO org.apache.juli.logging.DirectJDKLog [main] Initializing Spring embedded WebApplicationContext
2023-08-11 09:12:36,729 INFO org.springframework.boot.web.servlet.context.ServletWebServerApplicationContext [main] Root WebApplicationContext: initialization completed in 2371 ms
2023-08-11 09:12:37,233 INFO org.hibernate.jpa.internal.util.LogHelper [main] HHH000204: Processing PersistenceUnitInfo [name: default]
2023-08-11 09:12:37,305 INFO org.hibernate.Version [main] HHH000412: Hibernate ORM core version 5.6.15.Final
2023-08-11 09:12:37,553 INFO org.hibernate.annotations.common.reflection.java.JavaReflectionManager [main] HCANN000001: Hibernate Commons Annotations {5.1.2.Final}
2023-08-11 09:12:37,682 INFO com.zaxxer.hikari.HikariDataSource [main] HikariPool-1 - Starting...
2023-08-11 09:12:38,104 INFO com.zaxxer.hikari.HikariDataSource [main] HikariPool-1 - Start completed.
2023-08-11 09:12:38,552 INFO org.hibernate.dialect.Dialect [main] HHH000400: Using dialect: org.hibernate.dialect.MySQL8Dialect
2023-08-11 09:12:39,148 WARN org.hibernate.mapping.RootClass [main] HHH000038: Composite-id class does not override equals(): com.cybersoft.cozastore_java21.entity.ids.CategoryTagIds
2023-08-11 09:12:39,148 WARN org.hibernate.mapping.RootClass [main] HHH000039: Composite-id class does not override hashCode(): com.cybersoft.cozastore_java21.entity.ids.CategoryTagIds
2023-08-11 09:12:39,149 WARN org.hibernate.mapping.RootClass [main] HHH000038: Composite-id class does not override equals(): com.cybersoft.cozastore_java21.entity.ids.OrderDetailIds
2023-08-11 09:12:39,149 WARN org.hibernate.mapping.RootClass [main] HHH000039: Composite-id class does not override hashCode(): com.cybersoft.cozastore_java21.entity.ids.OrderDetailIds
2023-08-11 09:12:39,149 WARN org.hibernate.mapping.RootClass [main] HHH000038: Composite-id class does not override equals(): com.cybersoft.cozastore_java21.entity.ids.TagBlogIds
2023-08-11 09:12:39,150 WARN org.hibernate.mapping.RootClass [main] HHH000039: Composite-id class does not override hashCode(): com.cybersoft.cozastore_java21.entity.ids.TagBlogIds
2023-08-11 09:12:39,938 INFO org.hibernate.engine.transaction.jta.platform.internal.JtaPlatformInitiator [main] HHH000490: Using JtaPlatform implementation: [org.hibernate.engine.transaction.jta.platform.internal.NoJtaPlatform]
2023-08-11 09:12:39,956 INFO org.springframework.orm.jpa.AbstractEntityManagerFactoryBean [main] Initialized JPA EntityManagerFactory for persistence unit 'default'
2023-08-11 09:12:40,779 INFO org.springframework.security.web.DefaultSecurityFilterChain [main] Will secure any request with [org.springframework.security.web.session.DisableEncodeUrlFilter@5f26fc4d, org.springframework.security.web.context.request.async.WebAsyncManagerIntegrationFilter@3e8eea59, org.springframework.security.web.context.SecurityContextPersistenceFilter@7364073b, org.springframework.security.web.header.HeaderWriterFilter@5c7b504, org.springframework.security.web.authentication.logout.LogoutFilter@6c75c5e8, com.cybersoft.cozastore_java21.filter.JwtFilter@214beff9, org.springframework.security.web.savedrequest.RequestCacheAwareFilter@5cfde2a4, org.springframework.security.web.servletapi.SecurityContextHolderAwareRequestFilter@7bf997e0, org.springframework.security.web.authentication.AnonymousAuthenticationFilter@1fb379e4, org.springframework.security.web.session.SessionManagementFilter@2bb118ae, org.springframework.security.web.access.ExceptionTranslationFilter@2ef3efcc, org.springframework.security.web.access.intercept.AuthorizationFilter@66ce4b4]
2023-08-11 09:12:40,847 WARN org.springframework.boot.autoconfigure.orm.jpa.JpaBaseConfiguration$JpaWebConfiguration [main] spring.jpa.open-in-view is enabled by default. Therefore, database queries may be performed during view rendering. Explicitly configure spring.jpa.open-in-view to disable this warning
2023-08-11 09:12:41,309 INFO org.apache.juli.logging.DirectJDKLog [main] Starting ProtocolHandler ["http-nio-8080"]
2023-08-11 09:12:41,342 INFO org.springframework.boot.web.embedded.tomcat.TomcatWebServer [main] Tomcat started on port(s): 8080 (http) with context path ''
2023-08-11 09:12:41,353 INFO org.springframework.boot.StartupInfoLogger [main] Started CozastoreJava21Application in 7.683 seconds (JVM running for 8.457)
2023-08-11 09:12:50,504 INFO org.apache.juli.logging.DirectJDKLog [http-nio-8080-exec-1] Initializing Spring DispatcherServlet 'dispatcherServlet'
2023-08-11 09:12:50,505 INFO org.springframework.web.servlet.FrameworkServlet [http-nio-8080-exec-1] Initializing Servlet 'dispatcherServlet'
2023-08-11 09:12:50,507 INFO org.springframework.web.servlet.FrameworkServlet [http-nio-8080-exec-1] Completed initialization in 2 ms
2023-08-11 09:24:02,784 INFO org.springframework.orm.jpa.AbstractEntityManagerFactoryBean [SpringApplicationShutdownHook] Closing JPA EntityManagerFactory for persistence unit 'default'
2023-08-11 09:24:02,787 INFO com.zaxxer.hikari.HikariDataSource [SpringApplicationShutdownHook] HikariPool-1 - Shutdown initiated...
2023-08-11 09:24:02,804 INFO com.zaxxer.hikari.HikariDataSource [SpringApplicationShutdownHook] HikariPool-1 - Shutdown completed.
2023-08-11 10:33:06,220 INFO org.hibernate.validator.internal.util.Version [background-preinit] HV000001: Hibernate Validator 6.2.5.Final
2023-08-11 10:33:06,224 INFO org.springframework.boot.StartupInfoLogger [main] Starting CozastoreJava21Application using Java 14.0.1 on DESKTOP-7M60ITO with PID 16564 (C:\Users\USER\Downloads\git_project\cozastore_java21\target\classes started by USER in C:\Users\USER\Downloads\git_project\cozastore_java21)
2023-08-11 10:33:06,230 INFO org.springframework.boot.SpringApplication [main] No active profile set, falling back to 1 default profile: "default"
2023-08-11 10:33:08,513 INFO org.springframework.data.repository.config.RepositoryConfigurationDelegate [main] Multiple Spring Data modules found, entering strict repository configuration mode
2023-08-11 10:33:08,517 INFO org.springframework.data.repository.config.RepositoryConfigurationDelegate [main] Bootstrapping Spring Data JPA repositories in DEFAULT mode.
2023-08-11 10:33:08,995 INFO org.springframework.data.repository.config.RepositoryConfigurationDelegate [main] Finished Spring Data repository scanning in 461 ms. Found 7 JPA repository interfaces.
2023-08-11 10:33:09,038 INFO org.springframework.data.repository.config.RepositoryConfigurationDelegate [main] Multiple Spring Data modules found, entering strict repository configuration mode
2023-08-11 10:33:09,042 INFO org.springframework.data.repository.config.RepositoryConfigurationDelegate [main] Bootstrapping Spring Data Redis repositories in DEFAULT mode.
2023-08-11 10:33:09,083 INFO org.springframework.data.repository.config.RepositoryConfigurationExtensionSupport [main] Spring Data Redis - Could not safely identify store assignment for repository candidate interface com.cybersoft.cozastore_java21.repository.CategoryRepository; If you want this repository to be a Redis repository, consider annotating your entities with one of these annotations: org.springframework.data.redis.core.RedisHash (preferred), or consider extending one of the following types with your repository: org.springframework.data.keyvalue.repository.KeyValueRepository
2023-08-11 10:33:09,085 INFO org.springframework.data.repository.config.RepositoryConfigurationExtensionSupport [main] Spring Data Redis - Could not safely identify store assignment for repository candidate interface com.cybersoft.cozastore_java21.repository.ColorRepository; If you want this repository to be a Redis repository, consider annotating your entities with one of these annotations: org.springframework.data.redis.core.RedisHash (preferred), or consider extending one of the following types with your repository: org.springframework.data.keyvalue.repository.KeyValueRepository
2023-08-11 10:33:09,086 INFO org.springframework.data.repository.config.RepositoryConfigurationExtensionSupport [main] Spring Data Redis - Could not safely identify store assignment for repository candidate interface com.cybersoft.cozastore_java21.repository.OrderDetailRepository; If you want this repository to be a Redis repository, consider annotating your entities with one of these annotations: org.springframework.data.redis.core.RedisHash (preferred), or consider extending one of the following types with your repository: org.springframework.data.keyvalue.repository.KeyValueRepository
2023-08-11 10:33:09,087 INFO org.springframework.data.repository.config.RepositoryConfigurationExtensionSupport [main] Spring Data Redis - Could not safely identify store assignment for repository candidate interface com.cybersoft.cozastore_java21.repository.OrderRepository; If you want this repository to be a Redis repository, consider annotating your entities with one of these annotations: org.springframework.data.redis.core.RedisHash (preferred), or consider extending one of the following types with your repository: org.springframework.data.keyvalue.repository.KeyValueRepository
2023-08-11 10:33:09,090 INFO org.springframework.data.repository.config.RepositoryConfigurationExtensionSupport [main] Spring Data Redis - Could not safely identify store assignment for repository candidate interface com.cybersoft.cozastore_java21.repository.ProductRepository; If you want this repository to be a Redis repository, consider annotating your entities with one of these annotations: org.springframework.data.redis.core.RedisHash (preferred), or consider extending one of the following types with your repository: org.springframework.data.keyvalue.repository.KeyValueRepository
2023-08-11 10:33:09,091 INFO org.springframework.data.repository.config.RepositoryConfigurationExtensionSupport [main] Spring Data Redis - Could not safely identify store assignment for repository candidate interface com.cybersoft.cozastore_java21.repository.SizeRepository; If you want this repository to be a Redis repository, consider annotating your entities with one of these annotations: org.springframework.data.redis.core.RedisHash (preferred), or consider extending one of the following types with your repository: org.springframework.data.keyvalue.repository.KeyValueRepository
2023-08-11 10:33:09,093 INFO org.springframework.data.repository.config.RepositoryConfigurationExtensionSupport [main] Spring Data Redis - Could not safely identify store assignment for repository candidate interface com.cybersoft.cozastore_java21.repository.UserRepository; If you want this repository to be a Redis repository, consider annotating your entities with one of these annotations: org.springframework.data.redis.core.RedisHash (preferred), or consider extending one of the following types with your repository: org.springframework.data.keyvalue.repository.KeyValueRepository
2023-08-11 10:33:09,094 INFO org.springframework.data.repository.config.RepositoryConfigurationDelegate [main] Finished Spring Data repository scanning in 35 ms. Found 0 Redis repository interfaces.
2023-08-11 10:33:11,120 INFO org.springframework.boot.web.embedded.tomcat.TomcatWebServer [main] Tomcat initialized with port(s): 8080 (http)
2023-08-11 10:33:11,143 INFO org.apache.juli.logging.DirectJDKLog [main] Initializing ProtocolHandler ["http-nio-8080"]
2023-08-11 10:33:11,144 INFO org.apache.juli.logging.DirectJDKLog [main] Starting service [Tomcat]
2023-08-11 10:33:11,145 INFO org.apache.juli.logging.DirectJDKLog [main] Starting Servlet engine: [Apache Tomcat/9.0.75]
2023-08-11 10:33:11,565 INFO org.apache.juli.logging.DirectJDKLog [main] Initializing Spring embedded WebApplicationContext
2023-08-11 10:33:11,567 INFO org.springframework.boot.web.servlet.context.ServletWebServerApplicationContext [main] Root WebApplicationContext: initialization completed in 5212 ms
2023-08-11 10:33:12,549 INFO org.hibernate.jpa.internal.util.LogHelper [main] HHH000204: Processing PersistenceUnitInfo [name: default]
2023-08-11 10:33:12,713 INFO org.hibernate.Version [main] HHH000412: Hibernate ORM core version 5.6.15.Final
2023-08-11 10:33:13,083 INFO org.hibernate.annotations.common.reflection.java.JavaReflectionManager [main] HCANN000001: Hibernate Commons Annotations {5.1.2.Final}
2023-08-11 10:33:13,308 INFO com.zaxxer.hikari.HikariDataSource [main] HikariPool-1 - Starting...
2023-08-11 10:33:14,034 INFO com.zaxxer.hikari.HikariDataSource [main] HikariPool-1 - Start completed.
2023-08-11 10:33:14,084 INFO org.hibernate.dialect.Dialect [main] HHH000400: Using dialect: org.hibernate.dialect.MySQL8Dialect
2023-08-11 10:33:15,035 WARN org.hibernate.mapping.RootClass [main] HHH000038: Composite-id class does not override equals(): com.cybersoft.cozastore_java21.entity.ids.CategoryTagIds
2023-08-11 10:33:15,036 WARN org.hibernate.mapping.RootClass [main] HHH000039: Composite-id class does not override hashCode(): com.cybersoft.cozastore_java21.entity.ids.CategoryTagIds
2023-08-11 10:33:15,038 WARN org.hibernate.mapping.RootClass [main] HHH000038: Composite-id class does not override equals(): com.cybersoft.cozastore_java21.entity.ids.OrderDetailIds
2023-08-11 10:33:15,039 WARN org.hibernate.mapping.RootClass [main] HHH000039: Composite-id class does not override hashCode(): com.cybersoft.cozastore_java21.entity.ids.OrderDetailIds
2023-08-11 10:33:15,041 WARN org.hibernate.mapping.RootClass [main] HHH000038: Composite-id class does not override equals(): com.cybersoft.cozastore_java21.entity.ids.TagBlogIds
2023-08-11 10:33:15,041 WARN org.hibernate.mapping.RootClass [main] HHH000039: Composite-id class does not override hashCode(): com.cybersoft.cozastore_java21.entity.ids.TagBlogIds
2023-08-11 10:33:15,816 INFO org.hibernate.engine.transaction.jta.platform.internal.JtaPlatformInitiator [main] HHH000490: Using JtaPlatform implementation: [org.hibernate.engine.transaction.jta.platform.internal.NoJtaPlatform]
2023-08-11 10:33:15,832 INFO org.springframework.orm.jpa.AbstractEntityManagerFactoryBean [main] Initialized JPA EntityManagerFactory for persistence unit 'default'
2023-08-11 10:33:17,593 INFO org.springframework.security.web.DefaultSecurityFilterChain [main] Will secure any request with [org.springframework.security.web.session.DisableEncodeUrlFilter@4b74a4d, org.springframework.security.web.context.request.async.WebAsyncManagerIntegrationFilter@63df2eb8, org.springframework.security.web.context.SecurityContextPersistenceFilter@3f7f9d3f, org.springframework.security.web.header.HeaderWriterFilter@4b8601a1, org.springframework.security.web.authentication.logout.LogoutFilter@14f254f, com.cybersoft.cozastore_java21.filter.JwtFilter@5af64ce0, org.springframework.security.web.savedrequest.RequestCacheAwareFilter@4193da4d, org.springframework.security.web.servletapi.SecurityContextHolderAwareRequestFilter@247d44b4, org.springframework.security.web.authentication.AnonymousAuthenticationFilter@49c72fb7, org.springframework.security.web.session.SessionManagementFilter@5ce03a9d, org.springframework.security.web.access.ExceptionTranslationFilter@39d37da8, org.springframework.security.web.access.intercept.AuthorizationFilter@5e572b08]
2023-08-11 10:33:17,716 WARN org.springframework.boot.autoconfigure.orm.jpa.JpaBaseConfiguration$JpaWebConfiguration [main] spring.jpa.open-in-view is enabled by default. Therefore, database queries may be performed during view rendering. Explicitly configure spring.jpa.open-in-view to disable this warning
2023-08-11 10:33:18,676 INFO org.apache.juli.logging.DirectJDKLog [main] Starting ProtocolHandler ["http-nio-8080"]
2023-08-11 10:33:18,731 INFO org.springframework.boot.web.embedded.tomcat.TomcatWebServer [main] Tomcat started on port(s): 8080 (http) with context path ''
2023-08-11 10:33:18,752 INFO org.springframework.boot.StartupInfoLogger [main] Started CozastoreJava21Application in 13.494 seconds (JVM running for 15.012)
2023-08-11 10:34:10,097 INFO org.apache.juli.logging.DirectJDKLog [http-nio-8080-exec-1] Initializing Spring DispatcherServlet 'dispatcherServlet'
2023-08-11 10:34:10,097 INFO org.springframework.web.servlet.FrameworkServlet [http-nio-8080-exec-1] Initializing Servlet 'dispatcherServlet'
2023-08-11 10:34:10,100 INFO org.springframework.web.servlet.FrameworkServlet [http-nio-8080-exec-1] Completed initialization in 3 ms
2023-08-11 11:26:20,344 INFO org.springframework.orm.jpa.AbstractEntityManagerFactoryBean [SpringApplicationShutdownHook] Closing JPA EntityManagerFactory for persistence unit 'default'
2023-08-11 11:26:20,352 INFO com.zaxxer.hikari.HikariDataSource [SpringApplicationShutdownHook] HikariPool-1 - Shutdown initiated...
2023-08-11 11:26:20,453 INFO com.zaxxer.hikari.HikariDataSource [SpringApplicationShutdownHook] HikariPool-1 - Shutdown completed.
2023-08-11 15:08:28,796 INFO org.hibernate.validator.internal.util.Version [background-preinit] HV000001: Hibernate Validator 6.2.5.Final
2023-08-11 15:08:28,796 INFO org.springframework.boot.StartupInfoLogger [main] Starting CozastoreJava21Application using Java 14.0.1 on DESKTOP-7M60ITO with PID 12540 (C:\Users\USER\Downloads\git_project\cozastore_java21\target\classes started by USER in C:\Users\USER\Downloads\git_project\cozastore_java21)
2023-08-11 15:08:28,800 INFO org.springframework.boot.SpringApplication [main] No active profile set, falling back to 1 default profile: "default"
2023-08-11 15:08:30,060 INFO org.springframework.data.repository.config.RepositoryConfigurationDelegate [main] Multiple Spring Data modules found, entering strict repository configuration mode
2023-08-11 15:08:30,063 INFO org.springframework.data.repository.config.RepositoryConfigurationDelegate [main] Bootstrapping Spring Data JPA repositories in DEFAULT mode.
2023-08-11 15:08:30,298 INFO org.springframework.data.repository.config.RepositoryConfigurationDelegate [main] Finished Spring Data repository scanning in 226 ms. Found 7 JPA repository interfaces.
2023-08-11 15:08:30,327 INFO org.springframework.data.repository.config.RepositoryConfigurationDelegate [main] Multiple Spring Data modules found, entering strict repository configuration mode
2023-08-11 15:08:30,330 INFO org.springframework.data.repository.config.RepositoryConfigurationDelegate [main] Bootstrapping Spring Data Redis repositories in DEFAULT mode.
2023-08-11 15:08:30,355 INFO org.springframework.data.repository.config.RepositoryConfigurationExtensionSupport [main] Spring Data Redis - Could not safely identify store assignment for repository candidate interface com.cybersoft.cozastore_java21.repository.CategoryRepository; If you want this repository to be a Redis repository, consider annotating your entities with one of these annotations: org.springframework.data.redis.core.RedisHash (preferred), or consider extending one of the following types with your repository: org.springframework.data.keyvalue.repository.KeyValueRepository
2023-08-11 15:08:30,357 INFO org.springframework.data.repository.config.RepositoryConfigurationExtensionSupport [main] Spring Data Redis - Could not safely identify store assignment for repository candidate interface com.cybersoft.cozastore_java21.repository.ColorRepository; If you want this repository to be a Redis repository, consider annotating your entities with one of these annotations: org.springframework.data.redis.core.RedisHash (preferred), or consider extending one of the following types with your repository: org.springframework.data.keyvalue.repository.KeyValueRepository
2023-08-11 15:08:30,357 INFO org.springframework.data.repository.config.RepositoryConfigurationExtensionSupport [main] Spring Data Redis - Could not safely identify store assignment for repository candidate interface com.cybersoft.cozastore_java21.repository.OrderDetailRepository; If you want this repository to be a Redis repository, consider annotating your entities with one of these annotations: org.springframework.data.redis.core.RedisHash (preferred), or consider extending one of the following types with your repository: org.springframework.data.keyvalue.repository.KeyValueRepository
2023-08-11 15:08:30,358 INFO org.springframework.data.repository.config.RepositoryConfigurationExtensionSupport [main] Spring Data Redis - Could not safely identify store assignment for repository candidate interface com.cybersoft.cozastore_java21.repository.OrderRepository; If you want this repository to be a Redis repository, consider annotating your entities with one of these annotations: org.springframework.data.redis.core.RedisHash (preferred), or consider extending one of the following types with your repository: org.springframework.data.keyvalue.repository.KeyValueRepository
2023-08-11 15:08:30,359 INFO org.springframework.data.repository.config.RepositoryConfigurationExtensionSupport [main] Spring Data Redis - Could not safely identify store assignment for repository candidate interface com.cybersoft.cozastore_java21.repository.ProductRepository; If you want this repository to be a Redis repository, consider annotating your entities with one of these annotations: org.springframework.data.redis.core.RedisHash (preferred), or consider extending one of the following types with your repository: org.springframework.data.keyvalue.repository.KeyValueRepository
2023-08-11 15:08:30,361 INFO org.springframework.data.repository.config.RepositoryConfigurationExtensionSupport [main] Spring Data Redis - Could not safely identify store assignment for repository candidate interface com.cybersoft.cozastore_java21.repository.SizeRepository; If you want this repository to be a Redis repository, consider annotating your entities with one of these annotations: org.springframework.data.redis.core.RedisHash (preferred), or consider extending one of the following types with your repository: org.springframework.data.keyvalue.repository.KeyValueRepository
2023-08-11 15:08:30,361 INFO org.springframework.data.repository.config.RepositoryConfigurationExtensionSupport [main] Spring Data Redis - Could not safely identify store assignment for repository candidate interface com.cybersoft.cozastore_java21.repository.UserRepository; If you want this repository to be a Redis repository, consider annotating your entities with one of these annotations: org.springframework.data.redis.core.RedisHash (preferred), or consider extending one of the following types with your repository: org.springframework.data.keyvalue.repository.KeyValueRepository
2023-08-11 15:08:30,362 INFO org.springframework.data.repository.config.RepositoryConfigurationDelegate [main] Finished Spring Data repository scanning in 16 ms. Found 0 Redis repository interfaces.
2023-08-11 15:08:31,370 INFO org.springframework.boot.web.embedded.tomcat.TomcatWebServer [main] Tomcat initialized with port(s): 8080 (http)
2023-08-11 15:08:31,384 INFO org.apache.juli.logging.DirectJDKLog [main] Initializing ProtocolHandler ["http-nio-8080"]
2023-08-11 15:08:31,384 INFO org.apache.juli.logging.DirectJDKLog [main] Starting service [Tomcat]
2023-08-11 15:08:31,385 INFO org.apache.juli.logging.DirectJDKLog [main] Starting Servlet engine: [Apache Tomcat/9.0.75]
2023-08-11 15:08:31,596 INFO org.apache.juli.logging.DirectJDKLog [main] Initializing Spring embedded WebApplicationContext
2023-08-11 15:08:31,596 INFO org.springframework.boot.web.servlet.context.ServletWebServerApplicationContext [main] Root WebApplicationContext: initialization completed in 2731 ms
2023-08-11 15:08:32,187 INFO org.hibernate.jpa.internal.util.LogHelper [main] HHH000204: Processing PersistenceUnitInfo [name: default]
2023-08-11 15:08:32,275 INFO org.hibernate.Version [main] HHH000412: Hibernate ORM core version 5.6.15.Final
2023-08-11 15:08:32,524 INFO org.hibernate.annotations.common.reflection.java.JavaReflectionManager [main] HCANN000001: Hibernate Commons Annotations {5.1.2.Final}
2023-08-11 15:08:32,665 INFO com.zaxxer.hikari.HikariDataSource [main] HikariPool-1 - Starting...
2023-08-11 15:08:33,165 INFO com.zaxxer.hikari.HikariDataSource [main] HikariPool-1 - Start completed.
2023-08-11 15:08:33,212 INFO org.hibernate.dialect.Dialect [main] HHH000400: Using dialect: org.hibernate.dialect.MySQL8Dialect
2023-08-11 15:08:33,737 WARN org.hibernate.mapping.RootClass [main] HHH000038: Composite-id class does not override equals(): com.cybersoft.cozastore_java21.entity.ids.CategoryTagIds
2023-08-11 15:08:33,738 WARN org.hibernate.mapping.RootClass [main] HHH000039: Composite-id class does not override hashCode(): com.cybersoft.cozastore_java21.entity.ids.CategoryTagIds
2023-08-11 15:08:33,739 WARN org.hibernate.mapping.RootClass [main] HHH000038: Composite-id class does not override equals(): com.cybersoft.cozastore_java21.entity.ids.OrderDetailIds
2023-08-11 15:08:33,739 WARN org.hibernate.mapping.RootClass [main] HHH000039: Composite-id class does not override hashCode(): com.cybersoft.cozastore_java21.entity.ids.OrderDetailIds
2023-08-11 15:08:33,740 WARN org.hibernate.mapping.RootClass [main] HHH000038: Composite-id class does not override equals(): com.cybersoft.cozastore_java21.entity.ids.TagBlogIds
2023-08-11 15:08:33,740 WARN org.hibernate.mapping.RootClass [main] HHH000039: Composite-id class does not override hashCode(): com.cybersoft.cozastore_java21.entity.ids.TagBlogIds
2023-08-11 15:08:34,227 INFO org.hibernate.engine.transaction.jta.platform.internal.JtaPlatformInitiator [main] HHH000490: Using JtaPlatform implementation: [org.hibernate.engine.transaction.jta.platform.internal.NoJtaPlatform]
2023-08-11 15:08:34,236 INFO org.springframework.orm.jpa.AbstractEntityManagerFactoryBean [main] Initialized JPA EntityManagerFactory for persistence unit 'default'
2023-08-11 15:08:35,092 INFO org.springframework.security.web.DefaultSecurityFilterChain [main] Will secure any request with [org.springframework.security.web.session.DisableEncodeUrlFilter@66ce4b4, org.springframework.security.web.context.request.async.WebAsyncManagerIntegrationFilter@58df2864, org.springframework.security.web.context.SecurityContextPersistenceFilter@2bb118ae, org.springframework.security.web.header.HeaderWriterFilter@48b744fd, org.springframework.security.web.authentication.logout.LogoutFilter@788fa91f, com.cybersoft.cozastore_java21.filter.JwtFilter@214beff9, org.springframework.security.web.savedrequest.RequestCacheAwareFilter@5afaae7e, org.springframework.security.web.servletapi.SecurityContextHolderAwareRequestFilter@53fb3e1b, org.springframework.security.web.authentication.AnonymousAuthenticationFilter@76ccde41, org.springframework.security.web.session.SessionManagementFilter@1e9d6c78, org.springframework.security.web.access.ExceptionTranslationFilter@247d44b4, org.springframework.security.web.access.intercept.AuthorizationFilter@58e0d1ac]
2023-08-11 15:08:35,142 WARN org.springframework.boot.autoconfigure.orm.jpa.JpaBaseConfiguration$JpaWebConfiguration [main] spring.jpa.open-in-view is enabled by default. Therefore, database queries may be performed during view rendering. Explicitly configure spring.jpa.open-in-view to disable this warning
2023-08-11 15:08:35,620 INFO org.apache.juli.logging.DirectJDKLog [main] Starting ProtocolHandler ["http-nio-8080"]
2023-08-11 15:08:35,658 INFO org.springframework.boot.web.embedded.tomcat.TomcatWebServer [main] Tomcat started on port(s): 8080 (http) with context path ''
2023-08-11 15:08:35,670 INFO org.springframework.boot.StartupInfoLogger [main] Started CozastoreJava21Application in 7.394 seconds (JVM running for 8.407)
2023-08-11 15:08:40,381 INFO org.apache.juli.logging.DirectJDKLog [http-nio-8080-exec-1] Initializing Spring DispatcherServlet 'dispatcherServlet'
2023-08-11 15:08:40,382 INFO org.springframework.web.servlet.FrameworkServlet [http-nio-8080-exec-1] Initializing Servlet 'dispatcherServlet'
2023-08-11 15:08:40,383 INFO org.springframework.web.servlet.FrameworkServlet [http-nio-8080-exec-1] Completed initialization in 1 ms
2023-08-11 15:22:09,194 INFO org.springframework.orm.jpa.AbstractEntityManagerFactoryBean [SpringApplicationShutdownHook] Closing JPA EntityManagerFactory for persistence unit 'default'
2023-08-11 15:22:09,198 INFO com.zaxxer.hikari.HikariDataSource [SpringApplicationShutdownHook] HikariPool-1 - Shutdown initiated...
2023-08-11 15:22:09,228 INFO com.zaxxer.hikari.HikariDataSource [SpringApplicationShutdownHook] HikariPool-1 - Shutdown completed.
2023-08-11 15:22:13,882 INFO org.hibernate.validator.internal.util.Version [background-preinit] HV000001: Hibernate Validator 6.2.5.Final
2023-08-11 15:22:13,885 INFO org.springframework.boot.StartupInfoLogger [main] Starting CozastoreJava21Application using Java 14.0.1 on DESKTOP-7M60ITO with PID 19860 (C:\Users\USER\Downloads\git_project\cozastore_java21\target\classes started by USER in C:\Users\USER\Downloads\git_project\cozastore_java21)
2023-08-11 15:22:13,887 INFO org.springframework.boot.SpringApplication [main] No active profile set, falling back to 1 default profile: "default"
2023-08-11 15:22:15,015 INFO org.springframework.data.repository.config.RepositoryConfigurationDelegate [main] Multiple Spring Data modules found, entering strict repository configuration mode
2023-08-11 15:22:15,018 INFO org.springframework.data.repository.config.RepositoryConfigurationDelegate [main] Bootstrapping Spring Data JPA repositories in DEFAULT mode.
2023-08-11 15:22:15,204 INFO org.springframework.data.repository.config.RepositoryConfigurationDelegate [main] Finished Spring Data repository scanning in 174 ms. Found 7 JPA repository interfaces.
2023-08-11 15:22:15,223 INFO org.springframework.data.repository.config.RepositoryConfigurationDelegate [main] Multiple Spring Data modules found, entering strict repository configuration mode
2023-08-11 15:22:15,226 INFO org.springframework.data.repository.config.RepositoryConfigurationDelegate [main] Bootstrapping Spring Data Redis repositories in DEFAULT mode.
2023-08-11 15:22:15,251 INFO org.springframework.data.repository.config.RepositoryConfigurationExtensionSupport [main] Spring Data Redis - Could not safely identify store assignment for repository candidate interface com.cybersoft.cozastore_java21.repository.CategoryRepository; If you want this repository to be a Redis repository, consider annotating your entities with one of these annotations: org.springframework.data.redis.core.RedisHash (preferred), or consider extending one of the following types with your repository: org.springframework.data.keyvalue.repository.KeyValueRepository
2023-08-11 15:22:15,252 INFO org.springframework.data.repository.config.RepositoryConfigurationExtensionSupport [main] Spring Data Redis - Could not safely identify store assignment for repository candidate interface com.cybersoft.cozastore_java21.repository.ColorRepository; If you want this repository to be a Redis repository, consider annotating your entities with one of these annotations: org.springframework.data.redis.core.RedisHash (preferred), or consider extending one of the following types with your repository: org.springframework.data.keyvalue.repository.KeyValueRepository
2023-08-11 15:22:15,253 INFO org.springframework.data.repository.config.RepositoryConfigurationExtensionSupport [main] Spring Data Redis - Could not safely identify store assignment for repository candidate interface com.cybersoft.cozastore_java21.repository.OrderDetailRepository; If you want this repository to be a Redis repository, consider annotating your entities with one of these annotations: org.springframework.data.redis.core.RedisHash (preferred), or consider extending one of the following types with your repository: org.springframework.data.keyvalue.repository.KeyValueRepository
2023-08-11 15:22:15,254 INFO org.springframework.data.repository.config.RepositoryConfigurationExtensionSupport [main] Spring Data Redis - Could not safely identify store assignment for repository candidate interface com.cybersoft.cozastore_java21.repository.OrderRepository; If you want this repository to be a Redis repository, consider annotating your entities with one of these annotations: org.springframework.data.redis.core.RedisHash (preferred), or consider extending one of the following types with your repository: org.springframework.data.keyvalue.repository.KeyValueRepository
2023-08-11 15:22:15,256 INFO org.springframework.data.repository.config.RepositoryConfigurationExtensionSupport [main] Spring Data Redis - Could not safely identify store assignment for repository candidate interface com.cybersoft.cozastore_java21.repository.ProductRepository; If you want this repository to be a Redis repository, consider annotating your entities with one of these annotations: org.springframework.data.redis.core.RedisHash (preferred), or consider extending one of the following types with your repository: org.springframework.data.keyvalue.repository.KeyValueRepository
2023-08-11 15:22:15,257 INFO org.springframework.data.repository.config.RepositoryConfigurationExtensionSupport [main] Spring Data Redis - Could not safely identify store assignment for repository candidate interface com.cybersoft.cozastore_java21.repository.SizeRepository; If you want this repository to be a Redis repository, consider annotating your entities with one of these annotations: org.springframework.data.redis.core.RedisHash (preferred), or consider extending one of the following types with your repository: org.springframework.data.keyvalue.repository.KeyValueRepository
2023-08-11 15:22:15,257 INFO org.springframework.data.repository.config.RepositoryConfigurationExtensionSupport [main] Spring Data Redis - Could not safely identify store assignment for repository candidate interface com.cybersoft.cozastore_java21.repository.UserRepository; If you want this repository to be a Redis repository, consider annotating your entities with one of these annotations: org.springframework.data.redis.core.RedisHash (preferred), or consider extending one of the following types with your repository: org.springframework.data.keyvalue.repository.KeyValueRepository
2023-08-11 15:22:15,258 INFO org.springframework.data.repository.config.RepositoryConfigurationDelegate [main] Finished Spring Data repository scanning in 17 ms. Found 0 Redis repository interfaces.
2023-08-11 15:22:16,209 INFO org.springframework.boot.web.embedded.tomcat.TomcatWebServer [main] Tomcat initialized with port(s): 8080 (http)
2023-08-11 15:22:16,222 INFO org.apache.juli.logging.DirectJDKLog [main] Initializing ProtocolHandler ["http-nio-8080"]
2023-08-11 15:22:16,223 INFO org.apache.juli.logging.DirectJDKLog [main] Starting service [Tomcat]
2023-08-11 15:22:16,223 INFO org.apache.juli.logging.DirectJDKLog [main] Starting Servlet engine: [Apache Tomcat/9.0.75]
2023-08-11 15:22:16,415 INFO org.apache.juli.logging.DirectJDKLog [main] Initializing Spring embedded WebApplicationContext
2023-08-11 15:22:16,415 INFO org.springframework.boot.web.servlet.context.ServletWebServerApplicationContext [main] Root WebApplicationContext: initialization completed in 2461 ms
2023-08-11 15:22:16,972 INFO org.hibernate.jpa.internal.util.LogHelper [main] HHH000204: Processing PersistenceUnitInfo [name: default]
2023-08-11 15:22:17,040 INFO org.hibernate.Version [main] HHH000412: Hibernate ORM core version 5.6.15.Final
2023-08-11 15:22:17,229 INFO org.hibernate.annotations.common.reflection.java.JavaReflectionManager [main] HCANN000001: Hibernate Commons Annotations {5.1.2.Final}
2023-08-11 15:22:17,346 INFO com.zaxxer.hikari.HikariDataSource [main] HikariPool-1 - Starting...
2023-08-11 15:22:17,726 INFO com.zaxxer.hikari.HikariDataSource [main] HikariPool-1 - Start completed.
2023-08-11 15:22:17,751 INFO org.hibernate.dialect.Dialect [main] HHH000400: Using dialect: org.hibernate.dialect.MySQL8Dialect
2023-08-11 15:22:18,334 WARN org.hibernate.mapping.RootClass [main] HHH000038: Composite-id class does not override equals(): com.cybersoft.cozastore_java21.entity.ids.CategoryTagIds
2023-08-11 15:22:18,335 WARN org.hibernate.mapping.RootClass [main] HHH000039: Composite-id class does not override hashCode(): com.cybersoft.cozastore_java21.entity.ids.CategoryTagIds
2023-08-11 15:22:18,336 WARN org.hibernate.mapping.RootClass [main] HHH000038: Composite-id class does not override equals(): com.cybersoft.cozastore_java21.entity.ids.OrderDetailIds
2023-08-11 15:22:18,337 WARN org.hibernate.mapping.RootClass [main] HHH000039: Composite-id class does not override hashCode(): com.cybersoft.cozastore_java21.entity.ids.OrderDetailIds
2023-08-11 15:22:18,338 WARN org.hibernate.mapping.RootClass [main] HHH000038: Composite-id class does not override equals(): com.cybersoft.cozastore_java21.entity.ids.TagBlogIds
2023-08-11 15:22:18,338 WARN org.hibernate.mapping.RootClass [main] HHH000039: Composite-id class does not override hashCode(): com.cybersoft.cozastore_java21.entity.ids.TagBlogIds
2023-08-11 15:22:18,918 INFO org.hibernate.engine.transaction.jta.platform.internal.JtaPlatformInitiator [main] HHH000490: Using JtaPlatform implementation: [org.hibernate.engine.transaction.jta.platform.internal.NoJtaPlatform]
2023-08-11 15:22:18,926 INFO org.springframework.orm.jpa.AbstractEntityManagerFactoryBean [main] Initialized JPA EntityManagerFactory for persistence unit 'default'
2023-08-11 15:22:19,952 WARN org.springframework.boot.autoconfigure.orm.jpa.JpaBaseConfiguration$JpaWebConfiguration [main] spring.jpa.open-in-view is enabled by default. Therefore, database queries may be performed during view rendering. Explicitly configure spring.jpa.open-in-view to disable this warning
2023-08-11 15:22:20,181 INFO org.springframework.security.web.DefaultSecurityFilterChain [main] Will secure any request with [org.springframework.security.web.session.DisableEncodeUrlFilter@3da701a1, org.springframework.security.web.context.request.async.WebAsyncManagerIntegrationFilter@6f51d1cc, org.springframework.security.web.context.SecurityContextPersistenceFilter@13da6bc9, org.springframework.security.web.header.HeaderWriterFilter@7ff40324, org.springframework.web.filter.CorsFilter@17d25e1d, org.springframework.security.web.authentication.logout.LogoutFilter@46f597f1, com.cybersoft.cozastore_java21.filter.JwtFilter@4dad0eed, org.springframework.security.web.savedrequest.RequestCacheAwareFilter@4131f6db, org.springframework.security.web.servletapi.SecurityContextHolderAwareRequestFilter@78a0d664, org.springframework.security.web.authentication.AnonymousAuthenticationFilter@359fd0a2, org.springframework.security.web.session.SessionManagementFilter@715d82a0, org.springframework.security.web.access.ExceptionTranslationFilter@77f95e19, org.springframework.security.web.access.intercept.AuthorizationFilter@1f39b3ba]
2023-08-11 15:22:20,526 INFO org.apache.juli.logging.DirectJDKLog [main] Starting ProtocolHandler ["http-nio-8080"]
2023-08-11 15:22:20,556 INFO org.springframework.boot.web.embedded.tomcat.TomcatWebServer [main] Tomcat started on port(s): 8080 (http) with context path ''
2023-08-11 15:22:20,566 INFO org.springframework.boot.StartupInfoLogger [main] Started CozastoreJava21Application in 7.137 seconds (JVM running for 7.915)
2023-08-11 15:22:32,180 INFO org.apache.juli.logging.DirectJDKLog [http-nio-8080-exec-1] Initializing Spring DispatcherServlet 'dispatcherServlet'
2023-08-11 15:22:32,180 INFO org.springframework.web.servlet.FrameworkServlet [http-nio-8080-exec-1] Initializing Servlet 'dispatcherServlet'
2023-08-11 15:22:32,182 INFO org.springframework.web.servlet.FrameworkServlet [http-nio-8080-exec-1] Completed initialization in 1 ms
2023-08-11 15:22:32,549 INFO com.cybersoft.cozastore_java21.controller.ColorController [http-nio-8080-exec-2] {"statusCode":0,"data":[{"id":1,"name":"Yellow"},{"id":2,"name":"Green"},{"id":3,"name":"Red"}]}
2023-08-11 15:24:42,212 INFO org.springframework.orm.jpa.AbstractEntityManagerFactoryBean [SpringApplicationShutdownHook] Closing JPA EntityManagerFactory for persistence unit 'default'
2023-08-11 15:24:42,214 INFO com.zaxxer.hikari.HikariDataSource [SpringApplicationShutdownHook] HikariPool-1 - Shutdown initiated...
2023-08-11 15:24:42,237 INFO com.zaxxer.hikari.HikariDataSource [SpringApplicationShutdownHook] HikariPool-1 - Shutdown completed.
2023-08-11 20:55:17,376 INFO org.hibernate.validator.internal.util.Version [background-preinit] HV000001: Hibernate Validator 6.2.5.Final
2023-08-11 20:55:17,376 INFO org.springframework.boot.StartupInfoLogger [main] Starting CozastoreJava21Application using Java 14.0.1 on DESKTOP-7M60ITO with PID 15412 (C:\Users\USER\Downloads\git_project\cozastore_java21\target\classes started by USER in C:\Users\USER\Downloads\git_project\cozastore_java21)
2023-08-11 20:55:17,384 INFO org.springframework.boot.SpringApplication [main] No active profile set, falling back to 1 default profile: "default"
2023-08-11 20:55:19,296 INFO org.springframework.data.repository.config.RepositoryConfigurationDelegate [main] Multiple Spring Data modules found, entering strict repository configuration mode
2023-08-11 20:55:19,299 INFO org.springframework.data.repository.config.RepositoryConfigurationDelegate [main] Bootstrapping Spring Data JPA repositories in DEFAULT mode.
2023-08-11 20:55:19,642 INFO org.springframework.data.repository.config.RepositoryConfigurationDelegate [main] Finished Spring Data repository scanning in 325 ms. Found 7 JPA repository interfaces.
2023-08-11 20:55:19,672 INFO org.springframework.data.repository.config.RepositoryConfigurationDelegate [main] Multiple Spring Data modules found, entering strict repository configuration mode
2023-08-11 20:55:19,674 INFO org.springframework.data.repository.config.RepositoryConfigurationDelegate [main] Bootstrapping Spring Data Redis repositories in DEFAULT mode.
2023-08-11 20:55:19,703 INFO org.springframework.data.repository.config.RepositoryConfigurationExtensionSupport [main] Spring Data Redis - Could not safely identify store assignment for repository candidate interface com.cybersoft.cozastore_java21.repository.CategoryRepository; If you want this repository to be a Redis repository, consider annotating your entities with one of these annotations: org.springframework.data.redis.core.RedisHash (preferred), or consider extending one of the following types with your repository: org.springframework.data.keyvalue.repository.KeyValueRepository
2023-08-11 20:55:19,705 INFO org.springframework.data.repository.config.RepositoryConfigurationExtensionSupport [main] Spring Data Redis - Could not safely identify store assignment for repository candidate interface com.cybersoft.cozastore_java21.repository.ColorRepository; If you want this repository to be a Redis repository, consider annotating your entities with one of these annotations: org.springframework.data.redis.core.RedisHash (preferred), or consider extending one of the following types with your repository: org.springframework.data.keyvalue.repository.KeyValueRepository
2023-08-11 20:55:19,706 INFO org.springframework.data.repository.config.RepositoryConfigurationExtensionSupport [main] Spring Data Redis - Could not safely identify store assignment for repository candidate interface com.cybersoft.cozastore_java21.repository.OrderDetailRepository; If you want this repository to be a Redis repository, consider annotating your entities with one of these annotations: org.springframework.data.redis.core.RedisHash (preferred), or consider extending one of the following types with your repository: org.springframework.data.keyvalue.repository.KeyValueRepository
2023-08-11 20:55:19,707 INFO org.springframework.data.repository.config.RepositoryConfigurationExtensionSupport [main] Spring Data Redis - Could not safely identify store assignment for repository candidate interface com.cybersoft.cozastore_java21.repository.OrderRepository; If you want this repository to be a Redis repository, consider annotating your entities with one of these annotations: org.springframework.data.redis.core.RedisHash (preferred), or consider extending one of the following types with your repository: org.springframework.data.keyvalue.repository.KeyValueRepository
2023-08-11 20:55:19,708 INFO org.springframework.data.repository.config.RepositoryConfigurationExtensionSupport [main] Spring Data Redis - Could not safely identify store assignment for repository candidate interface com.cybersoft.cozastore_java21.repository.ProductRepository; If you want this repository to be a Redis repository, consider annotating your entities with one of these annotations: org.springframework.data.redis.core.RedisHash (preferred), or consider extending one of the following types with your repository: org.springframework.data.keyvalue.repository.KeyValueRepository
2023-08-11 20:55:19,709 INFO org.springframework.data.repository.config.RepositoryConfigurationExtensionSupport [main] Spring Data Redis - Could not safely identify store assignment for repository candidate interface com.cybersoft.cozastore_java21.repository.SizeRepository; If you want this repository to be a Redis repository, consider annotating your entities with one of these annotations: org.springframework.data.redis.core.RedisHash (preferred), or consider extending one of the following types with your repository: org.springframework.data.keyvalue.repository.KeyValueRepository
2023-08-11 20:55:19,709 INFO org.springframework.data.repository.config.RepositoryConfigurationExtensionSupport [main] Spring Data Redis - Could not safely identify store assignment for repository candidate interface com.cybersoft.cozastore_java21.repository.UserRepository; If you want this repository to be a Redis repository, consider annotating your entities with one of these annotations: org.springframework.data.redis.core.RedisHash (preferred), or consider extending one of the following types with your repository: org.springframework.data.keyvalue.repository.KeyValueRepository
2023-08-11 20:55:19,710 INFO org.springframework.data.repository.config.RepositoryConfigurationDelegate [main] Finished Spring Data repository scanning in 18 ms. Found 0 Redis repository interfaces.
2023-08-11 20:55:21,122 INFO org.springframework.boot.web.embedded.tomcat.TomcatWebServer [main] Tomcat initialized with port(s): 8080 (http)
2023-08-11 20:55:21,140 INFO org.apache.juli.logging.DirectJDKLog [main] Initializing ProtocolHandler ["http-nio-8080"]
2023-08-11 20:55:21,140 INFO org.apache.juli.logging.DirectJDKLog [main] Starting service [Tomcat]
2023-08-11 20:55:21,141 INFO org.apache.juli.logging.DirectJDKLog [main] Starting Servlet engine: [Apache Tomcat/9.0.75]
2023-08-11 20:55:21,424 INFO org.apache.juli.logging.DirectJDKLog [main] Initializing Spring embedded WebApplicationContext
2023-08-11 20:55:21,425 INFO org.springframework.boot.web.servlet.context.ServletWebServerApplicationContext [main] Root WebApplicationContext: initialization completed in 3952 ms
2023-08-11 20:55:22,197 INFO org.hibernate.jpa.internal.util.LogHelper [main] HHH000204: Processing PersistenceUnitInfo [name: default]
2023-08-11 20:55:22,297 INFO org.hibernate.Version [main] HHH000412: Hibernate ORM core version 5.6.15.Final
2023-08-11 20:55:22,690 INFO org.hibernate.annotations.common.reflection.java.JavaReflectionManager [main] HCANN000001: Hibernate Commons Annotations {5.1.2.Final}
2023-08-11 20:55:22,887 INFO com.zaxxer.hikari.HikariDataSource [main] HikariPool-1 - Starting...
2023-08-11 20:55:23,541 INFO com.zaxxer.hikari.HikariDataSource [main] HikariPool-1 - Start completed.
2023-08-11 20:55:23,596 INFO org.hibernate.dialect.Dialect [main] HHH000400: Using dialect: org.hibernate.dialect.MySQL8Dialect
2023-08-11 20:55:24,631 WARN org.hibernate.mapping.RootClass [main] HHH000038: Composite-id class does not override equals(): com.cybersoft.cozastore_java21.entity.ids.CategoryTagIds
2023-08-11 20:55:24,631 WARN org.hibernate.mapping.RootClass [main] HHH000039: Composite-id class does not override hashCode(): com.cybersoft.cozastore_java21.entity.ids.CategoryTagIds
2023-08-11 20:55:24,632 WARN org.hibernate.mapping.RootClass [main] HHH000038: Composite-id class does not override equals(): com.cybersoft.cozastore_java21.entity.ids.OrderDetailIds
2023-08-11 20:55:24,632 WARN org.hibernate.mapping.RootClass [main] HHH000039: Composite-id class does not override hashCode(): com.cybersoft.cozastore_java21.entity.ids.OrderDetailIds
2023-08-11 20:55:24,633 WARN org.hibernate.mapping.RootClass [main] HHH000038: Composite-id class does not override equals(): com.cybersoft.cozastore_java21.entity.ids.TagBlogIds
2023-08-11 20:55:24,634 WARN org.hibernate.mapping.RootClass [main] HHH000039: Composite-id class does not override hashCode(): com.cybersoft.cozastore_java21.entity.ids.TagBlogIds
2023-08-11 20:55:25,434 INFO org.hibernate.engine.transaction.jta.platform.internal.JtaPlatformInitiator [main] HHH000490: Using JtaPlatform implementation: [org.hibernate.engine.transaction.jta.platform.internal.NoJtaPlatform]
2023-08-11 20:55:25,447 INFO org.springframework.orm.jpa.AbstractEntityManagerFactoryBean [main] Initialized JPA EntityManagerFactory for persistence unit 'default'
2023-08-11 20:55:26,927 WARN org.springframework.boot.autoconfigure.orm.jpa.JpaBaseConfiguration$JpaWebConfiguration [main] spring.jpa.open-in-view is enabled by default. Therefore, database queries may be performed during view rendering. Explicitly configure spring.jpa.open-in-view to disable this warning
2023-08-11 20:55:27,255 INFO org.springframework.security.web.DefaultSecurityFilterChain [main] Will secure any request with [org.springframework.security.web.session.DisableEncodeUrlFilter@30b075b9, org.springframework.security.web.context.request.async.WebAsyncManagerIntegrationFilter@510e0dd2, org.springframework.security.web.context.SecurityContextPersistenceFilter@4131f6db, org.springframework.security.web.header.HeaderWriterFilter@7164e54, org.springframework.web.filter.CorsFilter@54a98358, org.springframework.security.web.authentication.logout.LogoutFilter@7baf7e2c, com.cybersoft.cozastore_java21.filter.JwtFilter@75cf0de5, org.springframework.security.web.savedrequest.RequestCacheAwareFilter@4509414e, org.springframework.security.web.servletapi.SecurityContextHolderAwareRequestFilter@1dbb9a4a, org.springframework.security.web.authentication.AnonymousAuthenticationFilter@1f7853af, org.springframework.security.web.session.SessionManagementFilter@31beb0d0, org.springframework.security.web.access.ExceptionTranslationFilter@7ff40324, org.springframework.security.web.access.intercept.AuthorizationFilter@6f51d1cc]
2023-08-11 20:55:27,868 INFO org.apache.juli.logging.DirectJDKLog [main] Starting ProtocolHandler ["http-nio-8080"]
2023-08-11 20:55:27,916 INFO org.springframework.boot.web.embedded.tomcat.TomcatWebServer [main] Tomcat started on port(s): 8080 (http) with context path ''
2023-08-11 20:55:27,933 INFO org.springframework.boot.StartupInfoLogger [main] Started CozastoreJava21Application in 11.116 seconds (JVM running for 12.054)
2023-08-11 20:56:10,661 INFO org.apache.juli.logging.DirectJDKLog [http-nio-8080-exec-1] Initializing Spring DispatcherServlet 'dispatcherServlet'
2023-08-11 20:56:10,662 INFO org.springframework.web.servlet.FrameworkServlet [http-nio-8080-exec-1] Initializing Servlet 'dispatcherServlet'
2023-08-11 20:56:10,663 INFO org.springframework.web.servlet.FrameworkServlet [http-nio-8080-exec-1] Completed initialization in 1 ms
2023-08-11 20:56:11,592 INFO com.cybersoft.cozastore_java21.controller.ColorController [http-nio-8080-exec-3] {"statusCode":0,"data":[{"id":1,"name":"Yellow"},{"id":2,"name":"Green"},{"id":3,"name":"Red"}]}
2023-08-11 21:12:50,700 INFO com.cybersoft.cozastore_java21.controller.ColorController [http-nio-8080-exec-5] {"statusCode":0,"data":[{"id":1,"name":"Yellow"},{"id":2,"name":"Green"},{"id":3,"name":"Red"}]}
2023-08-11 21:13:13,417 INFO com.cybersoft.cozastore_java21.controller.ColorController [http-nio-8080-exec-6] {"statusCode":0,"data":[{"id":1,"name":"Yellow"},{"id":2,"name":"Green"},{"id":3,"name":"Red"}]}
2023-08-11 21:14:03,015 INFO com.cybersoft.cozastore_java21.controller.ColorController [http-nio-8080-exec-7] {"statusCode":0,"data":[{"id":1,"name":"Yellow"},{"id":2,"name":"Green"},{"id":3,"name":"Red"}]}
2023-08-11 21:14:10,065 INFO com.cybersoft.cozastore_java21.controller.ColorController [http-nio-8080-exec-8] {"statusCode":0,"data":[{"id":1,"name":"Yellow"},{"id":2,"name":"Green"},{"id":3,"name":"Red"}]}
2023-08-11 21:14:14,076 INFO com.cybersoft.cozastore_java21.controller.ColorController [http-nio-8080-exec-9] {"statusCode":0,"data":[{"id":1,"name":"Yellow"},{"id":2,"name":"Green"},{"id":3,"name":"Red"}]}
2023-08-11 21:14:20,118 INFO com.cybersoft.cozastore_java21.controller.ColorController [http-nio-8080-exec-10] {"statusCode":0,"data":[{"id":1,"name":"Yellow"},{"id":2,"name":"Green"},{"id":3,"name":"Red"}]}
2023-08-11 21:14:23,742 INFO com.cybersoft.cozastore_java21.controller.ColorController [http-nio-8080-exec-1] {"statusCode":0,"data":[{"id":1,"name":"Yellow"},{"id":2,"name":"Green"},{"id":3,"name":"Red"}]}
2023-08-11 21:14:24,913 INFO com.cybersoft.cozastore_java21.controller.ColorController [http-nio-8080-exec-2] {"statusCode":0,"data":[{"id":1,"name":"Yellow"},{"id":2,"name":"Green"},{"id":3,"name":"Red"}]}
2023-08-11 21:14:29,026 INFO com.cybersoft.cozastore_java21.controller.ColorController [http-nio-8080-exec-3] {"statusCode":0,"data":[{"id":1,"name":"Yellow"},{"id":2,"name":"Green"},{"id":3,"name":"Red"}]}
2023-08-11 21:14:33,763 INFO com.cybersoft.cozastore_java21.controller.ColorController [http-nio-8080-exec-4] {"statusCode":0,"data":[{"id":1,"name":"Yellow"},{"id":2,"name":"Green"},{"id":3,"name":"Red"}]}
2023-08-11 21:14:40,393 INFO com.cybersoft.cozastore_java21.controller.ColorController [http-nio-8080-exec-5] {"statusCode":0,"data":[{"id":1,"name":"Yellow"},{"id":2,"name":"Green"},{"id":3,"name":"Red"}]}
2023-08-11 21:14:46,474 INFO com.cybersoft.cozastore_java21.controller.ColorController [http-nio-8080-exec-6] {"statusCode":0,"data":[{"id":1,"name":"Yellow"},{"id":2,"name":"Green"},{"id":3,"name":"Red"}]}
2023-08-11 21:14:49,453 INFO com.cybersoft.cozastore_java21.controller.ColorController [http-nio-8080-exec-7] {"statusCode":0,"data":[{"id":1,"name":"Yellow"},{"id":2,"name":"Green"},{"id":3,"name":"Red"}]}
2023-08-11 21:15:00,460 INFO com.cybersoft.cozastore_java21.controller.ColorController [http-nio-8080-exec-8] {"statusCode":0,"data":[{"id":1,"name":"Yellow"},{"id":2,"name":"Green"},{"id":3,"name":"Red"}]}
2023-08-11 21:15:02,282 INFO com.cybersoft.cozastore_java21.controller.ColorController [http-nio-8080-exec-9] {"statusCode":0,"data":[{"id":1,"name":"Yellow"},{"id":2,"name":"Green"},{"id":3,"name":"Red"}]}
2023-08-11 21:15:04,597 INFO com.cybersoft.cozastore_java21.controller.ColorController [http-nio-8080-exec-10] {"statusCode":0,"data":[{"id":1,"name":"Yellow"},{"id":2,"name":"Green"},{"id":3,"name":"Red"}]}
2023-08-11 21:15:31,249 INFO com.cybersoft.cozastore_java21.controller.ColorController [http-nio-8080-exec-1] {"statusCode":0,"data":[{"id":1,"name":"Yellow"},{"id":2,"name":"Green"},{"id":3,"name":"Red"}]}
2023-08-11 21:15:59,329 INFO com.cybersoft.cozastore_java21.controller.ColorController [http-nio-8080-exec-2] {"statusCode":0,"data":[{"id":1,"name":"Yellow"},{"id":2,"name":"Green"},{"id":3,"name":"Red"}]}
2023-08-11 21:16:00,959 INFO com.cybersoft.cozastore_java21.controller.ColorController [http-nio-8080-exec-3] {"statusCode":0,"data":[{"id":1,"name":"Yellow"},{"id":2,"name":"Green"},{"id":3,"name":"Red"}]}
2023-08-11 21:17:37,684 INFO com.cybersoft.cozastore_java21.controller.ColorController [http-nio-8080-exec-5] {"statusCode":0,"data":[{"id":1,"name":"Yellow"},{"id":2,"name":"Green"},{"id":3,"name":"Red"}]}
2023-08-11 21:17:48,344 INFO com.cybersoft.cozastore_java21.controller.ColorController [http-nio-8080-exec-6] {"statusCode":0,"data":[{"id":1,"name":"Yellow"},{"id":2,"name":"Green"},{"id":3,"name":"Red"}]}
2023-08-11 21:17:51,005 INFO com.cybersoft.cozastore_java21.controller.ColorController [http-nio-8080-exec-7] {"statusCode":0,"data":[{"id":1,"name":"Yellow"},{"id":2,"name":"Green"},{"id":3,"name":"Red"}]}
2023-08-11 21:18:06,272 INFO com.cybersoft.cozastore_java21.controller.ColorController [http-nio-8080-exec-8] {"statusCode":0,"data":[{"id":1,"name":"Yellow"},{"id":2,"name":"Green"},{"id":3,"name":"Red"}]}
2023-08-11 21:18:08,675 INFO com.cybersoft.cozastore_java21.controller.ColorController [http-nio-8080-exec-9] {"statusCode":0,"data":[{"id":1,"name":"Yellow"},{"id":2,"name":"Green"},{"id":3,"name":"Red"}]}
2023-08-11 21:18:28,223 INFO com.cybersoft.cozastore_java21.controller.ColorController [http-nio-8080-exec-10] {"statusCode":0,"data":[{"id":1,"name":"Yellow"},{"id":2,"name":"Green"},{"id":3,"name":"Red"}]}
2023-08-11 21:18:32,972 INFO com.cybersoft.cozastore_java21.controller.ColorController [http-nio-8080-exec-1] {"statusCode":0,"data":[{"id":1,"name":"Yellow"},{"id":2,"name":"Green"},{"id":3,"name":"Red"}]}
2023-08-11 21:18:34,258 INFO com.cybersoft.cozastore_java21.controller.ColorController [http-nio-8080-exec-2] {"statusCode":0,"data":[{"id":1,"name":"Yellow"},{"id":2,"name":"Green"},{"id":3,"name":"Red"}]}
2023-08-11 21:18:37,134 INFO com.cybersoft.cozastore_java21.controller.ColorController [http-nio-8080-exec-3] {"statusCode":0,"data":[{"id":1,"name":"Yellow"},{"id":2,"name":"Green"},{"id":3,"name":"Red"}]}
2023-08-11 21:19:11,217 INFO com.cybersoft.cozastore_java21.controller.ColorController [http-nio-8080-exec-4] {"statusCode":0,"data":[{"id":1,"name":"Yellow"},{"id":2,"name":"Green"},{"id":3,"name":"Red"}]}
2023-08-11 21:19:39,164 INFO com.cybersoft.cozastore_java21.controller.ColorController [http-nio-8080-exec-5] {"statusCode":0,"data":[{"id":1,"name":"Yellow"},{"id":2,"name":"Green"},{"id":3,"name":"Red"}]}
2023-08-11 21:19:45,608 INFO com.cybersoft.cozastore_java21.controller.ColorController [http-nio-8080-exec-6] {"statusCode":0,"data":[{"id":1,"name":"Yellow"},{"id":2,"name":"Green"},{"id":3,"name":"Red"}]}
2023-08-11 21:19:48,912 INFO com.cybersoft.cozastore_java21.controller.ColorController [http-nio-8080-exec-7] {"statusCode":0,"data":[{"id":1,"name":"Yellow"},{"id":2,"name":"Green"},{"id":3,"name":"Red"}]}
2023-08-11 21:19:52,787 INFO com.cybersoft.cozastore_java21.controller.ColorController [http-nio-8080-exec-8] {"statusCode":0,"data":[{"id":1,"name":"Yellow"},{"id":2,"name":"Green"},{"id":3,"name":"Red"}]}
2023-08-11 21:19:55,046 INFO com.cybersoft.cozastore_java21.controller.ColorController [http-nio-8080-exec-9] {"statusCode":0,"data":[{"id":1,"name":"Yellow"},{"id":2,"name":"Green"},{"id":3,"name":"Red"}]}
2023-08-11 21:19:56,328 INFO com.cybersoft.cozastore_java21.controller.ColorController [http-nio-8080-exec-10] {"statusCode":0,"data":[{"id":1,"name":"Yellow"},{"id":2,"name":"Green"},{"id":3,"name":"Red"}]}
2023-08-11 21:20:08,583 INFO com.cybersoft.cozastore_java21.controller.ColorController [http-nio-8080-exec-1] {"statusCode":0,"data":[{"id":1,"name":"Yellow"},{"id":2,"name":"Green"},{"id":3,"name":"Red"}]}
2023-08-11 21:20:11,254 INFO com.cybersoft.cozastore_java21.controller.ColorController [http-nio-8080-exec-2] {"statusCode":0,"data":[{"id":1,"name":"Yellow"},{"id":2,"name":"Green"},{"id":3,"name":"Red"}]}
2023-08-11 21:20:13,289 INFO com.cybersoft.cozastore_java21.controller.ColorController [http-nio-8080-exec-3] {"statusCode":0,"data":[{"id":1,"name":"Yellow"},{"id":2,"name":"Green"},{"id":3,"name":"Red"}]}
2023-08-11 21:20:15,625 INFO com.cybersoft.cozastore_java21.controller.ColorController [http-nio-8080-exec-4] {"statusCode":0,"data":[{"id":1,"name":"Yellow"},{"id":2,"name":"Green"},{"id":3,"name":"Red"}]}
2023-08-11 21:23:36,501 INFO com.cybersoft.cozastore_java21.controller.ColorController [http-nio-8080-exec-6] {"statusCode":0,"data":[{"id":1,"name":"Yellow"},{"id":2,"name":"Green"},{"id":3,"name":"Red"}]}
2023-08-11 21:24:20,949 INFO com.cybersoft.cozastore_java21.controller.ColorController [http-nio-8080-exec-8] {"statusCode":0,"data":[{"id":1,"name":"Yellow"},{"id":2,"name":"Green"},{"id":3,"name":"Red"}]}
2023-08-11 21:29:01,048 INFO com.cybersoft.cozastore_java21.controller.ColorController [http-nio-8080-exec-2] {"statusCode":0,"data":[{"id":1,"name":"Yellow"},{"id":2,"name":"Green"},{"id":3,"name":"Red"}]}
2023-08-11 21:31:57,957 INFO com.cybersoft.cozastore_java21.controller.ColorController [http-nio-8080-exec-4] {"statusCode":0,"data":[{"id":1,"name":"Yellow"},{"id":2,"name":"Green"},{"id":3,"name":"Red"}]}
2023-08-11 21:32:33,346 INFO com.cybersoft.cozastore_java21.controller.ColorController [http-nio-8080-exec-5] {"statusCode":0,"data":[{"id":1,"name":"Yellow"},{"id":2,"name":"Green"},{"id":3,"name":"Red"}]}
2023-08-11 21:50:09,774 INFO org.springframework.orm.jpa.AbstractEntityManagerFactoryBean [SpringApplicationShutdownHook] Closing JPA EntityManagerFactory for persistence unit 'default'
2023-08-11 21:50:09,778 INFO com.zaxxer.hikari.HikariDataSource [SpringApplicationShutdownHook] HikariPool-1 - Shutdown initiated...
2023-08-11 21:50:09,805 INFO com.zaxxer.hikari.HikariDataSource [SpringApplicationShutdownHook] HikariPool-1 - Shutdown completed.
