2023-06-28 23:50:55,277 INFO org.hibernate.validator.internal.util.Version [background-preinit] HV000001: Hibernate Validator 6.2.5.Final
2023-06-28 23:50:55,287 INFO org.springframework.boot.StartupInfoLogger [main] Starting CozastoreJava21Application using Java 14.0.1 on DESKTOP-7M60ITO with PID 19996 (C:\Users\USER\Downloads\git_project\cozastore_java21\target\classes started by USER in C:\Users\USER\Downloads\git_project\cozastore_java21)
2023-06-28 23:50:55,289 INFO org.springframework.boot.SpringApplication [main] No active profile set, falling back to 1 default profile: "default"
2023-06-28 23:50:56,353 INFO org.springframework.data.repository.config.RepositoryConfigurationDelegate [main] Multiple Spring Data modules found, entering strict repository configuration mode
2023-06-28 23:50:56,355 INFO org.springframework.data.repository.config.RepositoryConfigurationDelegate [main] Bootstrapping Spring Data JPA repositories in DEFAULT mode.
2023-06-28 23:50:56,524 INFO org.springframework.data.repository.config.RepositoryConfigurationDelegate [main] Finished Spring Data repository scanning in 159 ms. Found 3 JPA repository interfaces.
2023-06-28 23:50:56,544 INFO org.springframework.data.repository.config.RepositoryConfigurationDelegate [main] Multiple Spring Data modules found, entering strict repository configuration mode
2023-06-28 23:50:56,546 INFO org.springframework.data.repository.config.RepositoryConfigurationDelegate [main] Bootstrapping Spring Data Redis repositories in DEFAULT mode.
2023-06-28 23:50:56,568 INFO org.springframework.data.repository.config.RepositoryConfigurationExtensionSupport [main] Spring Data Redis - Could not safely identify store assignment for repository candidate interface com.cybersoft.cozastore_java21.repository.CategoryRepository; If you want this repository to be a Redis repository, consider annotating your entities with one of these annotations: org.springframework.data.redis.core.RedisHash (preferred), or consider extending one of the following types with your repository: org.springframework.data.keyvalue.repository.KeyValueRepository
2023-06-28 23:50:56,569 INFO org.springframework.data.repository.config.RepositoryConfigurationExtensionSupport [main] Spring Data Redis - Could not safely identify store assignment for repository candidate interface com.cybersoft.cozastore_java21.repository.ProductRepository; If you want this repository to be a Redis repository, consider annotating your entities with one of these annotations: org.springframework.data.redis.core.RedisHash (preferred), or consider extending one of the following types with your repository: org.springframework.data.keyvalue.repository.KeyValueRepository
2023-06-28 23:50:56,571 INFO org.springframework.data.repository.config.RepositoryConfigurationExtensionSupport [main] Spring Data Redis - Could not safely identify store assignment for repository candidate interface com.cybersoft.cozastore_java21.repository.UserRepository; If you want this repository to be a Redis repository, consider annotating your entities with one of these annotations: org.springframework.data.redis.core.RedisHash (preferred), or consider extending one of the following types with your repository: org.springframework.data.keyvalue.repository.KeyValueRepository
2023-06-28 23:50:56,571 INFO org.springframework.data.repository.config.RepositoryConfigurationDelegate [main] Finished Spring Data repository scanning in 15 ms. Found 0 Redis repository interfaces.
2023-06-28 23:50:57,461 INFO org.springframework.boot.web.embedded.tomcat.TomcatWebServer [main] Tomcat initialized with port(s): 8080 (http)
2023-06-28 23:50:57,472 INFO org.apache.juli.logging.DirectJDKLog [main] Initializing ProtocolHandler ["http-nio-8080"]
2023-06-28 23:50:57,473 INFO org.apache.juli.logging.DirectJDKLog [main] Starting service [Tomcat]
2023-06-28 23:50:57,473 INFO org.apache.juli.logging.DirectJDKLog [main] Starting Servlet engine: [Apache Tomcat/9.0.75]
2023-06-28 23:50:57,684 INFO org.apache.juli.logging.DirectJDKLog [main] Initializing Spring embedded WebApplicationContext
2023-06-28 23:50:57,685 INFO org.springframework.boot.web.servlet.context.ServletWebServerApplicationContext [main] Root WebApplicationContext: initialization completed in 2321 ms
2023-06-28 23:50:58,172 INFO org.hibernate.jpa.internal.util.LogHelper [main] HHH000204: Processing PersistenceUnitInfo [name: default]
2023-06-28 23:50:58,231 INFO org.hibernate.Version [main] HHH000412: Hibernate ORM core version 5.6.15.Final
2023-06-28 23:50:58,425 INFO org.hibernate.annotations.common.reflection.java.JavaReflectionManager [main] HCANN000001: Hibernate Commons Annotations {5.1.2.Final}
2023-06-28 23:50:58,540 INFO com.zaxxer.hikari.HikariDataSource [main] HikariPool-1 - Starting...
2023-06-28 23:50:58,955 INFO com.zaxxer.hikari.HikariDataSource [main] HikariPool-1 - Start completed.
2023-06-28 23:50:58,992 INFO org.hibernate.dialect.Dialect [main] HHH000400: Using dialect: org.hibernate.dialect.MySQL8Dialect
2023-06-28 23:50:59,604 WARN org.hibernate.mapping.RootClass [main] HHH000038: Composite-id class does not override equals(): com.cybersoft.cozastore_java21.entity.ids.CategoryTagIds
2023-06-28 23:50:59,604 WARN org.hibernate.mapping.RootClass [main] HHH000039: Composite-id class does not override hashCode(): com.cybersoft.cozastore_java21.entity.ids.CategoryTagIds
2023-06-28 23:50:59,605 WARN org.hibernate.mapping.RootClass [main] HHH000038: Composite-id class does not override equals(): com.cybersoft.cozastore_java21.entity.ids.OrderDetailIds
2023-06-28 23:50:59,605 WARN org.hibernate.mapping.RootClass [main] HHH000039: Composite-id class does not override hashCode(): com.cybersoft.cozastore_java21.entity.ids.OrderDetailIds
2023-06-28 23:50:59,606 WARN org.hibernate.mapping.RootClass [main] HHH000038: Composite-id class does not override equals(): com.cybersoft.cozastore_java21.entity.ids.TagBlogIds
2023-06-28 23:50:59,606 WARN org.hibernate.mapping.RootClass [main] HHH000039: Composite-id class does not override hashCode(): com.cybersoft.cozastore_java21.entity.ids.TagBlogIds
2023-06-28 23:51:00,210 INFO org.hibernate.engine.transaction.jta.platform.internal.JtaPlatformInitiator [main] HHH000490: Using JtaPlatform implementation: [org.hibernate.engine.transaction.jta.platform.internal.NoJtaPlatform]
2023-06-28 23:51:00,219 INFO org.springframework.orm.jpa.AbstractEntityManagerFactoryBean [main] Initialized JPA EntityManagerFactory for persistence unit 'default'
2023-06-28 23:51:00,988 INFO org.springframework.security.web.DefaultSecurityFilterChain [main] Will secure any request with [org.springframework.security.web.session.DisableEncodeUrlFilter@5e0602ff, org.springframework.security.web.context.request.async.WebAsyncManagerIntegrationFilter@1a865ebf, org.springframework.security.web.context.SecurityContextPersistenceFilter@5af47414, org.springframework.security.web.header.HeaderWriterFilter@6d7d0946, org.springframework.security.web.authentication.logout.LogoutFilter@37e28b20, com.cybersoft.cozastore_java21.filter.JwtFilter@68c9e023, org.springframework.security.web.savedrequest.RequestCacheAwareFilter@178617da, org.springframework.security.web.servletapi.SecurityContextHolderAwareRequestFilter@5d50e7f6, org.springframework.security.web.authentication.AnonymousAuthenticationFilter@6b3d3e57, org.springframework.security.web.session.SessionManagementFilter@55d98bbb, org.springframework.security.web.access.ExceptionTranslationFilter@8b71052, org.springframework.security.web.access.intercept.AuthorizationFilter@4981b83]
2023-06-28 23:51:01,066 WARN org.springframework.boot.autoconfigure.orm.jpa.JpaBaseConfiguration$JpaWebConfiguration [main] spring.jpa.open-in-view is enabled by default. Therefore, database queries may be performed during view rendering. Explicitly configure spring.jpa.open-in-view to disable this warning
2023-06-28 23:51:01,593 INFO org.apache.juli.logging.DirectJDKLog [main] Starting ProtocolHandler ["http-nio-8080"]
2023-06-28 23:51:01,631 INFO org.springframework.boot.web.embedded.tomcat.TomcatWebServer [main] Tomcat started on port(s): 8080 (http) with context path ''
2023-06-28 23:51:01,644 INFO org.springframework.boot.StartupInfoLogger [main] Started CozastoreJava21Application in 6.892 seconds (JVM running for 7.741)
