2023-07-19 06:10:29,807 INFO org.hibernate.validator.internal.util.Version [background-preinit] HV000001: Hibernate Validator 6.2.5.Final
2023-07-19 06:10:29,810 INFO org.springframework.boot.StartupInfoLogger [main] Starting CozastoreJava21Application using Java 14.0.1 on DESKTOP-7M60ITO with PID 20808 (C:\Users\USER\Downloads\git_project\cozastore_java21\target\classes started by USER in C:\Users\USER\Downloads\git_project\cozastore_java21)
2023-07-19 06:10:29,813 INFO org.springframework.boot.SpringApplication [main] No active profile set, falling back to 1 default profile: "default"
2023-07-19 06:10:31,078 INFO org.springframework.data.repository.config.RepositoryConfigurationDelegate [main] Multiple Spring Data modules found, entering strict repository configuration mode
2023-07-19 06:10:31,082 INFO org.springframework.data.repository.config.RepositoryConfigurationDelegate [main] Bootstrapping Spring Data JPA repositories in DEFAULT mode.
2023-07-19 06:10:31,821 INFO org.springframework.data.repository.config.RepositoryConfigurationDelegate [main] Finished Spring Data repository scanning in 717 ms. Found 5 JPA repository interfaces.
2023-07-19 06:10:31,949 INFO org.springframework.data.repository.config.RepositoryConfigurationDelegate [main] Multiple Spring Data modules found, entering strict repository configuration mode
2023-07-19 06:10:31,951 INFO org.springframework.data.repository.config.RepositoryConfigurationDelegate [main] Bootstrapping Spring Data Redis repositories in DEFAULT mode.
2023-07-19 06:10:32,060 INFO org.springframework.data.repository.config.RepositoryConfigurationExtensionSupport [main] Spring Data Redis - Could not safely identify store assignment for repository candidate interface com.cybersoft.cozastore_java21.repository.CategoryRepository; If you want this repository to be a Redis repository, consider annotating your entities with one of these annotations: org.springframework.data.redis.core.RedisHash (preferred), or consider extending one of the following types with your repository: org.springframework.data.keyvalue.repository.KeyValueRepository
2023-07-19 06:10:32,062 INFO org.springframework.data.repository.config.RepositoryConfigurationExtensionSupport [main] Spring Data Redis - Could not safely identify store assignment for repository candidate interface com.cybersoft.cozastore_java21.repository.OrderDetailRepository; If you want this repository to be a Redis repository, consider annotating your entities with one of these annotations: org.springframework.data.redis.core.RedisHash (preferred), or consider extending one of the following types with your repository: org.springframework.data.keyvalue.repository.KeyValueRepository
2023-07-19 06:10:32,063 INFO org.springframework.data.repository.config.RepositoryConfigurationExtensionSupport [main] Spring Data Redis - Could not safely identify store assignment for repository candidate interface com.cybersoft.cozastore_java21.repository.OrderRepository; If you want this repository to be a Redis repository, consider annotating your entities with one of these annotations: org.springframework.data.redis.core.RedisHash (preferred), or consider extending one of the following types with your repository: org.springframework.data.keyvalue.repository.KeyValueRepository
2023-07-19 06:10:32,064 INFO org.springframework.data.repository.config.RepositoryConfigurationExtensionSupport [main] Spring Data Redis - Could not safely identify store assignment for repository candidate interface com.cybersoft.cozastore_java21.repository.ProductRepository; If you want this repository to be a Redis repository, consider annotating your entities with one of these annotations: org.springframework.data.redis.core.RedisHash (preferred), or consider extending one of the following types with your repository: org.springframework.data.keyvalue.repository.KeyValueRepository
2023-07-19 06:10:32,065 INFO org.springframework.data.repository.config.RepositoryConfigurationExtensionSupport [main] Spring Data Redis - Could not safely identify store assignment for repository candidate interface com.cybersoft.cozastore_java21.repository.UserRepository; If you want this repository to be a Redis repository, consider annotating your entities with one of these annotations: org.springframework.data.redis.core.RedisHash (preferred), or consider extending one of the following types with your repository: org.springframework.data.keyvalue.repository.KeyValueRepository
2023-07-19 06:10:32,066 INFO org.springframework.data.repository.config.RepositoryConfigurationDelegate [main] Finished Spring Data repository scanning in 30 ms. Found 0 Redis repository interfaces.
2023-07-19 06:10:34,004 INFO org.springframework.boot.web.embedded.tomcat.TomcatWebServer [main] Tomcat initialized with port(s): 8080 (http)
2023-07-19 06:10:34,102 INFO org.apache.juli.logging.DirectJDKLog [main] Initializing ProtocolHandler ["http-nio-8080"]
2023-07-19 06:10:34,103 INFO org.apache.juli.logging.DirectJDKLog [main] Starting service [Tomcat]
2023-07-19 06:10:34,104 INFO org.apache.juli.logging.DirectJDKLog [main] Starting Servlet engine: [Apache Tomcat/9.0.75]
2023-07-19 06:10:34,761 INFO org.apache.juli.logging.DirectJDKLog [main] Initializing Spring embedded WebApplicationContext
2023-07-19 06:10:34,761 INFO org.springframework.boot.web.servlet.context.ServletWebServerApplicationContext [main] Root WebApplicationContext: initialization completed in 4885 ms
2023-07-19 06:10:37,065 INFO org.hibernate.jpa.internal.util.LogHelper [main] HHH000204: Processing PersistenceUnitInfo [name: default]
2023-07-19 06:10:37,796 INFO org.hibernate.Version [main] HHH000412: Hibernate ORM core version 5.6.15.Final
2023-07-19 06:10:38,934 INFO org.hibernate.annotations.common.reflection.java.JavaReflectionManager [main] HCANN000001: Hibernate Commons Annotations {5.1.2.Final}
2023-07-19 06:10:39,648 INFO com.zaxxer.hikari.HikariDataSource [main] HikariPool-1 - Starting...
2023-07-19 06:10:42,126 INFO com.zaxxer.hikari.HikariDataSource [main] HikariPool-1 - Start completed.
2023-07-19 06:10:42,290 INFO org.hibernate.dialect.Dialect [main] HHH000400: Using dialect: org.hibernate.dialect.MySQL8Dialect
2023-07-19 06:10:42,868 WARN org.hibernate.mapping.RootClass [main] HHH000038: Composite-id class does not override equals(): com.cybersoft.cozastore_java21.entity.ids.CategoryTagIds
2023-07-19 06:10:42,869 WARN org.hibernate.mapping.RootClass [main] HHH000039: Composite-id class does not override hashCode(): com.cybersoft.cozastore_java21.entity.ids.CategoryTagIds
2023-07-19 06:10:42,869 WARN org.hibernate.mapping.RootClass [main] HHH000038: Composite-id class does not override equals(): com.cybersoft.cozastore_java21.entity.ids.OrderDetailIds
2023-07-19 06:10:42,870 WARN org.hibernate.mapping.RootClass [main] HHH000039: Composite-id class does not override hashCode(): com.cybersoft.cozastore_java21.entity.ids.OrderDetailIds
2023-07-19 06:10:42,870 WARN org.hibernate.mapping.RootClass [main] HHH000038: Composite-id class does not override equals(): com.cybersoft.cozastore_java21.entity.ids.TagBlogIds
2023-07-19 06:10:42,870 WARN org.hibernate.mapping.RootClass [main] HHH000039: Composite-id class does not override hashCode(): com.cybersoft.cozastore_java21.entity.ids.TagBlogIds
2023-07-19 06:10:43,321 INFO org.hibernate.engine.transaction.jta.platform.internal.JtaPlatformInitiator [main] HHH000490: Using JtaPlatform implementation: [org.hibernate.engine.transaction.jta.platform.internal.NoJtaPlatform]
2023-07-19 06:10:43,330 INFO org.springframework.orm.jpa.AbstractEntityManagerFactoryBean [main] Initialized JPA EntityManagerFactory for persistence unit 'default'
2023-07-19 06:10:44,166 INFO org.springframework.security.web.DefaultSecurityFilterChain [main] Will secure any request with [org.springframework.security.web.session.DisableEncodeUrlFilter@39d37da8, org.springframework.security.web.context.request.async.WebAsyncManagerIntegrationFilter@554a2f3, org.springframework.security.web.context.SecurityContextPersistenceFilter@1cdb290c, org.springframework.security.web.header.HeaderWriterFilter@50bc0bbd, org.springframework.security.web.authentication.logout.LogoutFilter@29b2a94c, com.cybersoft.cozastore_java21.filter.JwtFilter@2753316c, org.springframework.security.web.savedrequest.RequestCacheAwareFilter@4607cbe2, org.springframework.security.web.servletapi.SecurityContextHolderAwareRequestFilter@7f36cd8f, org.springframework.security.web.authentication.AnonymousAuthenticationFilter@4b8601a1, org.springframework.security.web.session.SessionManagementFilter@4ae435a3, org.springframework.security.web.access.ExceptionTranslationFilter@206de1f, org.springframework.security.web.access.intercept.AuthorizationFilter@3a7f382]
2023-07-19 06:10:44,227 WARN org.springframework.boot.autoconfigure.orm.jpa.JpaBaseConfiguration$JpaWebConfiguration [main] spring.jpa.open-in-view is enabled by default. Therefore, database queries may be performed during view rendering. Explicitly configure spring.jpa.open-in-view to disable this warning
2023-07-19 06:10:44,755 INFO org.apache.juli.logging.DirectJDKLog [main] Starting ProtocolHandler ["http-nio-8080"]
2023-07-19 06:10:44,785 INFO org.springframework.boot.web.embedded.tomcat.TomcatWebServer [main] Tomcat started on port(s): 8080 (http) with context path ''
2023-07-19 06:10:44,794 INFO org.springframework.boot.StartupInfoLogger [main] Started CozastoreJava21Application in 15.685 seconds (JVM running for 16.657)
2023-07-19 06:25:29,759 INFO org.apache.juli.logging.DirectJDKLog [http-nio-8080-exec-1] Initializing Spring DispatcherServlet 'dispatcherServlet'
2023-07-19 06:25:29,760 INFO org.springframework.web.servlet.FrameworkServlet [http-nio-8080-exec-1] Initializing Servlet 'dispatcherServlet'
2023-07-19 06:25:29,762 INFO org.springframework.web.servlet.FrameworkServlet [http-nio-8080-exec-1] Completed initialization in 2 ms
2023-07-19 06:32:35,525 INFO org.springframework.orm.jpa.AbstractEntityManagerFactoryBean [SpringApplicationShutdownHook] Closing JPA EntityManagerFactory for persistence unit 'default'
2023-07-19 06:32:35,528 INFO com.zaxxer.hikari.HikariDataSource [SpringApplicationShutdownHook] HikariPool-1 - Shutdown initiated...
2023-07-19 06:32:35,559 INFO com.zaxxer.hikari.HikariDataSource [SpringApplicationShutdownHook] HikariPool-1 - Shutdown completed.
