2023-06-29 00:21:57,547 INFO org.springframework.orm.jpa.AbstractEntityManagerFactoryBean [SpringApplicationShutdownHook] Closing JPA EntityManagerFactory for persistence unit 'default'
2023-06-29 00:21:57,553 INFO com.zaxxer.hikari.HikariDataSource [SpringApplicationShutdownHook] HikariPool-1 - Shutdown initiated...
2023-06-29 00:21:57,578 INFO com.zaxxer.hikari.HikariDataSource [SpringApplicationShutdownHook] HikariPool-1 - Shutdown completed.
2023-06-29 00:22:02,482 INFO org.hibernate.validator.internal.util.Version [background-preinit] HV000001: Hibernate Validator 6.2.5.Final
2023-06-29 00:22:02,495 INFO org.springframework.boot.StartupInfoLogger [main] Starting CozastoreJava21Application using Java 14.0.1 on DESKTOP-7M60ITO with PID 23044 (C:\Users\USER\Downloads\git_project\cozastore_java21\target\classes started by USER in C:\Users\USER\Downloads\git_project\cozastore_java21)
2023-06-29 00:22:02,497 INFO org.springframework.boot.SpringApplication [main] No active profile set, falling back to 1 default profile: "default"
2023-06-29 00:22:03,552 INFO org.springframework.data.repository.config.RepositoryConfigurationDelegate [main] Multiple Spring Data modules found, entering strict repository configuration mode
2023-06-29 00:22:03,556 INFO org.springframework.data.repository.config.RepositoryConfigurationDelegate [main] Bootstrapping Spring Data JPA repositories in DEFAULT mode.
2023-06-29 00:22:03,756 INFO org.springframework.data.repository.config.RepositoryConfigurationDelegate [main] Finished Spring Data repository scanning in 188 ms. Found 3 JPA repository interfaces.
2023-06-29 00:22:03,790 INFO org.springframework.data.repository.config.RepositoryConfigurationDelegate [main] Multiple Spring Data modules found, entering strict repository configuration mode
2023-06-29 00:22:03,792 INFO org.springframework.data.repository.config.RepositoryConfigurationDelegate [main] Bootstrapping Spring Data Redis repositories in DEFAULT mode.
2023-06-29 00:22:03,820 INFO org.springframework.data.repository.config.RepositoryConfigurationExtensionSupport [main] Spring Data Redis - Could not safely identify store assignment for repository candidate interface com.cybersoft.cozastore_java21.repository.CategoryRepository; If you want this repository to be a Redis repository, consider annotating your entities with one of these annotations: org.springframework.data.redis.core.RedisHash (preferred), or consider extending one of the following types with your repository: org.springframework.data.keyvalue.repository.KeyValueRepository
2023-06-29 00:22:03,821 INFO org.springframework.data.repository.config.RepositoryConfigurationExtensionSupport [main] Spring Data Redis - Could not safely identify store assignment for repository candidate interface com.cybersoft.cozastore_java21.repository.ProductRepository; If you want this repository to be a Redis repository, consider annotating your entities with one of these annotations: org.springframework.data.redis.core.RedisHash (preferred), or consider extending one of the following types with your repository: org.springframework.data.keyvalue.repository.KeyValueRepository
2023-06-29 00:22:03,823 INFO org.springframework.data.repository.config.RepositoryConfigurationExtensionSupport [main] Spring Data Redis - Could not safely identify store assignment for repository candidate interface com.cybersoft.cozastore_java21.repository.UserRepository; If you want this repository to be a Redis repository, consider annotating your entities with one of these annotations: org.springframework.data.redis.core.RedisHash (preferred), or consider extending one of the following types with your repository: org.springframework.data.keyvalue.repository.KeyValueRepository
2023-06-29 00:22:03,824 INFO org.springframework.data.repository.config.RepositoryConfigurationDelegate [main] Finished Spring Data repository scanning in 18 ms. Found 0 Redis repository interfaces.
2023-06-29 00:22:04,814 INFO org.springframework.boot.web.embedded.tomcat.TomcatWebServer [main] Tomcat initialized with port(s): 8080 (http)
2023-06-29 00:22:04,827 INFO org.apache.juli.logging.DirectJDKLog [main] Initializing ProtocolHandler ["http-nio-8080"]
2023-06-29 00:22:04,827 INFO org.apache.juli.logging.DirectJDKLog [main] Starting service [Tomcat]
2023-06-29 00:22:04,827 INFO org.apache.juli.logging.DirectJDKLog [main] Starting Servlet engine: [Apache Tomcat/9.0.75]
2023-06-29 00:22:05,099 INFO org.apache.juli.logging.DirectJDKLog [main] Initializing Spring embedded WebApplicationContext
2023-06-29 00:22:05,099 INFO org.springframework.boot.web.servlet.context.ServletWebServerApplicationContext [main] Root WebApplicationContext: initialization completed in 2535 ms
2023-06-29 00:22:05,607 INFO org.hibernate.jpa.internal.util.LogHelper [main] HHH000204: Processing PersistenceUnitInfo [name: default]
2023-06-29 00:22:05,668 INFO org.hibernate.Version [main] HHH000412: Hibernate ORM core version 5.6.15.Final
2023-06-29 00:22:05,878 INFO org.hibernate.annotations.common.reflection.java.JavaReflectionManager [main] HCANN000001: Hibernate Commons Annotations {5.1.2.Final}
2023-06-29 00:22:06,027 INFO com.zaxxer.hikari.HikariDataSource [main] HikariPool-1 - Starting...
2023-06-29 00:22:06,450 INFO com.zaxxer.hikari.HikariDataSource [main] HikariPool-1 - Start completed.
2023-06-29 00:22:06,484 INFO org.hibernate.dialect.Dialect [main] HHH000400: Using dialect: org.hibernate.dialect.MySQL8Dialect
2023-06-29 00:22:07,015 WARN org.hibernate.mapping.RootClass [main] HHH000038: Composite-id class does not override equals(): com.cybersoft.cozastore_java21.entity.ids.CategoryTagIds
2023-06-29 00:22:07,016 WARN org.hibernate.mapping.RootClass [main] HHH000039: Composite-id class does not override hashCode(): com.cybersoft.cozastore_java21.entity.ids.CategoryTagIds
2023-06-29 00:22:07,016 WARN org.hibernate.mapping.RootClass [main] HHH000038: Composite-id class does not override equals(): com.cybersoft.cozastore_java21.entity.ids.OrderDetailIds
2023-06-29 00:22:07,017 WARN org.hibernate.mapping.RootClass [main] HHH000039: Composite-id class does not override hashCode(): com.cybersoft.cozastore_java21.entity.ids.OrderDetailIds
2023-06-29 00:22:07,017 WARN org.hibernate.mapping.RootClass [main] HHH000038: Composite-id class does not override equals(): com.cybersoft.cozastore_java21.entity.ids.TagBlogIds
2023-06-29 00:22:07,017 WARN org.hibernate.mapping.RootClass [main] HHH000039: Composite-id class does not override hashCode(): com.cybersoft.cozastore_java21.entity.ids.TagBlogIds
2023-06-29 00:22:07,479 INFO org.hibernate.engine.transaction.jta.platform.internal.JtaPlatformInitiator [main] HHH000490: Using JtaPlatform implementation: [org.hibernate.engine.transaction.jta.platform.internal.NoJtaPlatform]
2023-06-29 00:22:07,491 INFO org.springframework.orm.jpa.AbstractEntityManagerFactoryBean [main] Initialized JPA EntityManagerFactory for persistence unit 'default'
2023-06-29 00:22:08,374 INFO org.springframework.security.web.DefaultSecurityFilterChain [main] Will secure any request with [org.springframework.security.web.session.DisableEncodeUrlFilter@562ec518, org.springframework.security.web.context.request.async.WebAsyncManagerIntegrationFilter@5c8d685e, org.springframework.security.web.context.SecurityContextPersistenceFilter@51d6c42d, org.springframework.security.web.header.HeaderWriterFilter@5e405eaf, org.springframework.security.web.authentication.logout.LogoutFilter@73db1a6, com.cybersoft.cozastore_java21.filter.JwtFilter@3b98b809, org.springframework.security.web.savedrequest.RequestCacheAwareFilter@1104cf3a, org.springframework.security.web.servletapi.SecurityContextHolderAwareRequestFilter@29f86630, org.springframework.security.web.authentication.AnonymousAuthenticationFilter@4b1ad751, org.springframework.security.web.session.SessionManagementFilter@40ef385f, org.springframework.security.web.access.ExceptionTranslationFilter@3c7f8c25, org.springframework.security.web.access.intercept.AuthorizationFilter@4199761d]
2023-06-29 00:22:08,462 WARN org.springframework.boot.autoconfigure.orm.jpa.JpaBaseConfiguration$JpaWebConfiguration [main] spring.jpa.open-in-view is enabled by default. Therefore, database queries may be performed during view rendering. Explicitly configure spring.jpa.open-in-view to disable this warning
2023-06-29 00:22:09,117 INFO org.apache.juli.logging.DirectJDKLog [main] Starting ProtocolHandler ["http-nio-8080"]
2023-06-29 00:22:09,153 INFO org.springframework.boot.web.embedded.tomcat.TomcatWebServer [main] Tomcat started on port(s): 8080 (http) with context path ''
2023-06-29 00:22:09,167 INFO org.springframework.boot.StartupInfoLogger [main] Started CozastoreJava21Application in 7.173 seconds (JVM running for 7.932)
2023-06-29 00:23:56,873 INFO org.apache.juli.logging.DirectJDKLog [http-nio-8080-exec-1] Initializing Spring DispatcherServlet 'dispatcherServlet'
2023-06-29 00:23:56,873 INFO org.springframework.web.servlet.FrameworkServlet [http-nio-8080-exec-1] Initializing Servlet 'dispatcherServlet'
2023-06-29 00:23:56,874 INFO org.springframework.web.servlet.FrameworkServlet [http-nio-8080-exec-1] Completed initialization in 1 ms
2023-06-29 00:28:14,311 INFO org.springframework.orm.jpa.AbstractEntityManagerFactoryBean [SpringApplicationShutdownHook] Closing JPA EntityManagerFactory for persistence unit 'default'
2023-06-29 00:28:14,313 INFO com.zaxxer.hikari.HikariDataSource [SpringApplicationShutdownHook] HikariPool-1 - Shutdown initiated...
2023-06-29 00:28:14,336 INFO com.zaxxer.hikari.HikariDataSource [SpringApplicationShutdownHook] HikariPool-1 - Shutdown completed.
2023-06-29 00:28:17,926 INFO org.hibernate.validator.internal.util.Version [background-preinit] HV000001: Hibernate Validator 6.2.5.Final
2023-06-29 00:28:17,936 INFO org.springframework.boot.StartupInfoLogger [main] Starting CozastoreJava21Application using Java 14.0.1 on DESKTOP-7M60ITO with PID 24292 (C:\Users\USER\Downloads\git_project\cozastore_java21\target\classes started by USER in C:\Users\USER\Downloads\git_project\cozastore_java21)
2023-06-29 00:28:17,938 INFO org.springframework.boot.SpringApplication [main] No active profile set, falling back to 1 default profile: "default"
2023-06-29 00:28:18,960 INFO org.springframework.data.repository.config.RepositoryConfigurationDelegate [main] Multiple Spring Data modules found, entering strict repository configuration mode
2023-06-29 00:28:18,963 INFO org.springframework.data.repository.config.RepositoryConfigurationDelegate [main] Bootstrapping Spring Data JPA repositories in DEFAULT mode.
2023-06-29 00:28:19,131 INFO org.springframework.data.repository.config.RepositoryConfigurationDelegate [main] Finished Spring Data repository scanning in 157 ms. Found 3 JPA repository interfaces.
2023-06-29 00:28:19,149 INFO org.springframework.data.repository.config.RepositoryConfigurationDelegate [main] Multiple Spring Data modules found, entering strict repository configuration mode
2023-06-29 00:28:19,150 INFO org.springframework.data.repository.config.RepositoryConfigurationDelegate [main] Bootstrapping Spring Data Redis repositories in DEFAULT mode.
2023-06-29 00:28:19,170 INFO org.springframework.data.repository.config.RepositoryConfigurationExtensionSupport [main] Spring Data Redis - Could not safely identify store assignment for repository candidate interface com.cybersoft.cozastore_java21.repository.CategoryRepository; If you want this repository to be a Redis repository, consider annotating your entities with one of these annotations: org.springframework.data.redis.core.RedisHash (preferred), or consider extending one of the following types with your repository: org.springframework.data.keyvalue.repository.KeyValueRepository
2023-06-29 00:28:19,172 INFO org.springframework.data.repository.config.RepositoryConfigurationExtensionSupport [main] Spring Data Redis - Could not safely identify store assignment for repository candidate interface com.cybersoft.cozastore_java21.repository.ProductRepository; If you want this repository to be a Redis repository, consider annotating your entities with one of these annotations: org.springframework.data.redis.core.RedisHash (preferred), or consider extending one of the following types with your repository: org.springframework.data.keyvalue.repository.KeyValueRepository
2023-06-29 00:28:19,173 INFO org.springframework.data.repository.config.RepositoryConfigurationExtensionSupport [main] Spring Data Redis - Could not safely identify store assignment for repository candidate interface com.cybersoft.cozastore_java21.repository.UserRepository; If you want this repository to be a Redis repository, consider annotating your entities with one of these annotations: org.springframework.data.redis.core.RedisHash (preferred), or consider extending one of the following types with your repository: org.springframework.data.keyvalue.repository.KeyValueRepository
2023-06-29 00:28:19,174 INFO org.springframework.data.repository.config.RepositoryConfigurationDelegate [main] Finished Spring Data repository scanning in 14 ms. Found 0 Redis repository interfaces.
2023-06-29 00:28:19,977 INFO org.springframework.boot.web.embedded.tomcat.TomcatWebServer [main] Tomcat initialized with port(s): 8080 (http)
2023-06-29 00:28:19,993 INFO org.apache.juli.logging.DirectJDKLog [main] Initializing ProtocolHandler ["http-nio-8080"]
2023-06-29 00:28:19,994 INFO org.apache.juli.logging.DirectJDKLog [main] Starting service [Tomcat]
2023-06-29 00:28:19,995 INFO org.apache.juli.logging.DirectJDKLog [main] Starting Servlet engine: [Apache Tomcat/9.0.75]
2023-06-29 00:28:20,182 INFO org.apache.juli.logging.DirectJDKLog [main] Initializing Spring embedded WebApplicationContext
2023-06-29 00:28:20,183 INFO org.springframework.boot.web.servlet.context.ServletWebServerApplicationContext [main] Root WebApplicationContext: initialization completed in 2184 ms
2023-06-29 00:28:20,640 INFO org.hibernate.jpa.internal.util.LogHelper [main] HHH000204: Processing PersistenceUnitInfo [name: default]
2023-06-29 00:28:20,692 INFO org.hibernate.Version [main] HHH000412: Hibernate ORM core version 5.6.15.Final
2023-06-29 00:28:20,866 INFO org.hibernate.annotations.common.reflection.java.JavaReflectionManager [main] HCANN000001: Hibernate Commons Annotations {5.1.2.Final}
2023-06-29 00:28:20,979 INFO com.zaxxer.hikari.HikariDataSource [main] HikariPool-1 - Starting...
2023-06-29 00:28:21,334 INFO com.zaxxer.hikari.HikariDataSource [main] HikariPool-1 - Start completed.
2023-06-29 00:28:21,358 INFO org.hibernate.dialect.Dialect [main] HHH000400: Using dialect: org.hibernate.dialect.MySQL8Dialect
2023-06-29 00:28:21,819 WARN org.hibernate.mapping.RootClass [main] HHH000038: Composite-id class does not override equals(): com.cybersoft.cozastore_java21.entity.ids.CategoryTagIds
2023-06-29 00:28:21,820 WARN org.hibernate.mapping.RootClass [main] HHH000039: Composite-id class does not override hashCode(): com.cybersoft.cozastore_java21.entity.ids.CategoryTagIds
2023-06-29 00:28:21,821 WARN org.hibernate.mapping.RootClass [main] HHH000038: Composite-id class does not override equals(): com.cybersoft.cozastore_java21.entity.ids.OrderDetailIds
2023-06-29 00:28:21,821 WARN org.hibernate.mapping.RootClass [main] HHH000039: Composite-id class does not override hashCode(): com.cybersoft.cozastore_java21.entity.ids.OrderDetailIds
2023-06-29 00:28:21,822 WARN org.hibernate.mapping.RootClass [main] HHH000038: Composite-id class does not override equals(): com.cybersoft.cozastore_java21.entity.ids.TagBlogIds
2023-06-29 00:28:21,822 WARN org.hibernate.mapping.RootClass [main] HHH000039: Composite-id class does not override hashCode(): com.cybersoft.cozastore_java21.entity.ids.TagBlogIds
2023-06-29 00:28:22,259 INFO org.hibernate.engine.transaction.jta.platform.internal.JtaPlatformInitiator [main] HHH000490: Using JtaPlatform implementation: [org.hibernate.engine.transaction.jta.platform.internal.NoJtaPlatform]
2023-06-29 00:28:22,268 INFO org.springframework.orm.jpa.AbstractEntityManagerFactoryBean [main] Initialized JPA EntityManagerFactory for persistence unit 'default'
2023-06-29 00:28:22,972 INFO org.springframework.security.web.DefaultSecurityFilterChain [main] Will secure any request with [org.springframework.security.web.session.DisableEncodeUrlFilter@4d0e6424, org.springframework.security.web.context.request.async.WebAsyncManagerIntegrationFilter@6da86e98, org.springframework.security.web.context.SecurityContextPersistenceFilter@85fd4b, org.springframework.security.web.header.HeaderWriterFilter@2ef812b, org.springframework.security.web.authentication.logout.LogoutFilter@2ded31cc, com.cybersoft.cozastore_java21.filter.JwtFilter@6fcd31c3, org.springframework.security.web.savedrequest.RequestCacheAwareFilter@1eb207c3, org.springframework.security.web.servletapi.SecurityContextHolderAwareRequestFilter@425376cc, org.springframework.security.web.authentication.AnonymousAuthenticationFilter@5a5024eb, org.springframework.security.web.session.SessionManagementFilter@51d6c42d, org.springframework.security.web.access.ExceptionTranslationFilter@4981b83, org.springframework.security.web.access.intercept.AuthorizationFilter@562ec518]
2023-06-29 00:28:23,036 WARN org.springframework.boot.autoconfigure.orm.jpa.JpaBaseConfiguration$JpaWebConfiguration [main] spring.jpa.open-in-view is enabled by default. Therefore, database queries may be performed during view rendering. Explicitly configure spring.jpa.open-in-view to disable this warning
2023-06-29 00:28:23,499 INFO org.apache.juli.logging.DirectJDKLog [main] Starting ProtocolHandler ["http-nio-8080"]
2023-06-29 00:28:23,527 INFO org.springframework.boot.web.embedded.tomcat.TomcatWebServer [main] Tomcat started on port(s): 8080 (http) with context path ''
2023-06-29 00:28:23,539 INFO org.springframework.boot.StartupInfoLogger [main] Started CozastoreJava21Application in 6.067 seconds (JVM running for 6.776)
2023-06-29 00:34:25,264 INFO org.apache.juli.logging.DirectJDKLog [http-nio-8080-exec-2] Initializing Spring DispatcherServlet 'dispatcherServlet'
2023-06-29 00:34:25,264 INFO org.springframework.web.servlet.FrameworkServlet [http-nio-8080-exec-2] Initializing Servlet 'dispatcherServlet'
2023-06-29 00:34:25,267 INFO org.springframework.web.servlet.FrameworkServlet [http-nio-8080-exec-2] Completed initialization in 2 ms
2023-06-29 00:46:30,783 INFO org.springframework.orm.jpa.AbstractEntityManagerFactoryBean [SpringApplicationShutdownHook] Closing JPA EntityManagerFactory for persistence unit 'default'
2023-06-29 00:46:30,786 INFO com.zaxxer.hikari.HikariDataSource [SpringApplicationShutdownHook] HikariPool-1 - Shutdown initiated...
2023-06-29 00:46:30,800 INFO com.zaxxer.hikari.HikariDataSource [SpringApplicationShutdownHook] HikariPool-1 - Shutdown completed.
2023-06-29 21:04:41,852 INFO org.springframework.boot.StartupInfoLogger [main] Starting CozastoreJava21Application using Java 14.0.1 on DESKTOP-7M60ITO with PID 12800 (C:\Users\USER\Downloads\git_project\cozastore_java21\target\classes started by USER in C:\Users\USER\Downloads\git_project\cozastore_java21)
2023-06-29 21:04:41,850 INFO org.hibernate.validator.internal.util.Version [background-preinit] HV000001: Hibernate Validator 6.2.5.Final
2023-06-29 21:04:41,861 INFO org.springframework.boot.SpringApplication [main] No active profile set, falling back to 1 default profile: "default"
2023-06-29 21:04:44,098 INFO org.springframework.data.repository.config.RepositoryConfigurationDelegate [main] Multiple Spring Data modules found, entering strict repository configuration mode
2023-06-29 21:04:44,103 INFO org.springframework.data.repository.config.RepositoryConfigurationDelegate [main] Bootstrapping Spring Data JPA repositories in DEFAULT mode.
2023-06-29 21:04:44,467 INFO org.springframework.data.repository.config.RepositoryConfigurationDelegate [main] Finished Spring Data repository scanning in 342 ms. Found 3 JPA repository interfaces.
2023-06-29 21:04:44,516 INFO org.springframework.data.repository.config.RepositoryConfigurationDelegate [main] Multiple Spring Data modules found, entering strict repository configuration mode
2023-06-29 21:04:44,519 INFO org.springframework.data.repository.config.RepositoryConfigurationDelegate [main] Bootstrapping Spring Data Redis repositories in DEFAULT mode.
2023-06-29 21:04:44,551 INFO org.springframework.data.repository.config.RepositoryConfigurationExtensionSupport [main] Spring Data Redis - Could not safely identify store assignment for repository candidate interface com.cybersoft.cozastore_java21.repository.CategoryRepository; If you want this repository to be a Redis repository, consider annotating your entities with one of these annotations: org.springframework.data.redis.core.RedisHash (preferred), or consider extending one of the following types with your repository: org.springframework.data.keyvalue.repository.KeyValueRepository
2023-06-29 21:04:44,552 INFO org.springframework.data.repository.config.RepositoryConfigurationExtensionSupport [main] Spring Data Redis - Could not safely identify store assignment for repository candidate interface com.cybersoft.cozastore_java21.repository.ProductRepository; If you want this repository to be a Redis repository, consider annotating your entities with one of these annotations: org.springframework.data.redis.core.RedisHash (preferred), or consider extending one of the following types with your repository: org.springframework.data.keyvalue.repository.KeyValueRepository
2023-06-29 21:04:44,555 INFO org.springframework.data.repository.config.RepositoryConfigurationExtensionSupport [main] Spring Data Redis - Could not safely identify store assignment for repository candidate interface com.cybersoft.cozastore_java21.repository.UserRepository; If you want this repository to be a Redis repository, consider annotating your entities with one of these annotations: org.springframework.data.redis.core.RedisHash (preferred), or consider extending one of the following types with your repository: org.springframework.data.keyvalue.repository.KeyValueRepository
2023-06-29 21:04:44,555 INFO org.springframework.data.repository.config.RepositoryConfigurationDelegate [main] Finished Spring Data repository scanning in 20 ms. Found 0 Redis repository interfaces.
2023-06-29 21:04:46,257 INFO org.springframework.boot.web.embedded.tomcat.TomcatWebServer [main] Tomcat initialized with port(s): 8080 (http)
2023-06-29 21:04:46,284 INFO org.apache.juli.logging.DirectJDKLog [main] Initializing ProtocolHandler ["http-nio-8080"]
2023-06-29 21:04:46,287 INFO org.apache.juli.logging.DirectJDKLog [main] Starting service [Tomcat]
2023-06-29 21:04:46,288 INFO org.apache.juli.logging.DirectJDKLog [main] Starting Servlet engine: [Apache Tomcat/9.0.75]
2023-06-29 21:04:46,735 INFO org.apache.juli.logging.DirectJDKLog [main] Initializing Spring embedded WebApplicationContext
2023-06-29 21:04:46,736 INFO org.springframework.boot.web.servlet.context.ServletWebServerApplicationContext [main] Root WebApplicationContext: initialization completed in 4718 ms
2023-06-29 21:04:47,875 INFO org.hibernate.jpa.internal.util.LogHelper [main] HHH000204: Processing PersistenceUnitInfo [name: default]
2023-06-29 21:04:48,005 INFO org.hibernate.Version [main] HHH000412: Hibernate ORM core version 5.6.15.Final
2023-06-29 21:04:48,370 INFO org.hibernate.annotations.common.reflection.java.JavaReflectionManager [main] HCANN000001: Hibernate Commons Annotations {5.1.2.Final}
2023-06-29 21:04:48,609 INFO com.zaxxer.hikari.HikariDataSource [main] HikariPool-1 - Starting...
2023-06-29 21:04:49,325 INFO com.zaxxer.hikari.HikariDataSource [main] HikariPool-1 - Start completed.
2023-06-29 21:04:49,382 INFO org.hibernate.dialect.Dialect [main] HHH000400: Using dialect: org.hibernate.dialect.MySQL8Dialect
2023-06-29 21:04:50,247 WARN org.hibernate.mapping.RootClass [main] HHH000038: Composite-id class does not override equals(): com.cybersoft.cozastore_java21.entity.ids.CategoryTagIds
2023-06-29 21:04:50,248 WARN org.hibernate.mapping.RootClass [main] HHH000039: Composite-id class does not override hashCode(): com.cybersoft.cozastore_java21.entity.ids.CategoryTagIds
2023-06-29 21:04:50,249 WARN org.hibernate.mapping.RootClass [main] HHH000038: Composite-id class does not override equals(): com.cybersoft.cozastore_java21.entity.ids.OrderDetailIds
2023-06-29 21:04:50,249 WARN org.hibernate.mapping.RootClass [main] HHH000039: Composite-id class does not override hashCode(): com.cybersoft.cozastore_java21.entity.ids.OrderDetailIds
2023-06-29 21:04:50,250 WARN org.hibernate.mapping.RootClass [main] HHH000038: Composite-id class does not override equals(): com.cybersoft.cozastore_java21.entity.ids.TagBlogIds
2023-06-29 21:04:50,250 WARN org.hibernate.mapping.RootClass [main] HHH000039: Composite-id class does not override hashCode(): com.cybersoft.cozastore_java21.entity.ids.TagBlogIds
2023-06-29 21:04:50,944 INFO org.hibernate.engine.transaction.jta.platform.internal.JtaPlatformInitiator [main] HHH000490: Using JtaPlatform implementation: [org.hibernate.engine.transaction.jta.platform.internal.NoJtaPlatform]
2023-06-29 21:04:50,959 INFO org.springframework.orm.jpa.AbstractEntityManagerFactoryBean [main] Initialized JPA EntityManagerFactory for persistence unit 'default'
2023-06-29 21:04:52,376 INFO org.springframework.security.web.DefaultSecurityFilterChain [main] Will secure any request with [org.springframework.security.web.session.DisableEncodeUrlFilter@797ca322, org.springframework.security.web.context.request.async.WebAsyncManagerIntegrationFilter@570ede3b, org.springframework.security.web.context.SecurityContextPersistenceFilter@6b8a9e1, org.springframework.security.web.header.HeaderWriterFilter@15251cc2, org.springframework.security.web.authentication.logout.LogoutFilter@44f88149, com.cybersoft.cozastore_java21.filter.JwtFilter@24c8d8be, org.springframework.security.web.savedrequest.RequestCacheAwareFilter@425376cc, org.springframework.security.web.servletapi.SecurityContextHolderAwareRequestFilter@718e700c, org.springframework.security.web.authentication.AnonymousAuthenticationFilter@c22cf4d, org.springframework.security.web.session.SessionManagementFilter@6715a6da, org.springframework.security.web.access.ExceptionTranslationFilter@1a865ebf, org.springframework.security.web.access.intercept.AuthorizationFilter@6da86e98]
2023-06-29 21:04:52,497 WARN org.springframework.boot.autoconfigure.orm.jpa.JpaBaseConfiguration$JpaWebConfiguration [main] spring.jpa.open-in-view is enabled by default. Therefore, database queries may be performed during view rendering. Explicitly configure spring.jpa.open-in-view to disable this warning
2023-06-29 21:04:53,610 INFO org.apache.juli.logging.DirectJDKLog [main] Starting ProtocolHandler ["http-nio-8080"]
2023-06-29 21:04:53,662 INFO org.springframework.boot.web.embedded.tomcat.TomcatWebServer [main] Tomcat started on port(s): 8080 (http) with context path ''
2023-06-29 21:04:53,682 INFO org.springframework.boot.StartupInfoLogger [main] Started CozastoreJava21Application in 12.846 seconds (JVM running for 14.407)
2023-06-29 21:26:11,288 INFO org.springframework.orm.jpa.AbstractEntityManagerFactoryBean [SpringApplicationShutdownHook] Closing JPA EntityManagerFactory for persistence unit 'default'
2023-06-29 21:26:11,293 INFO com.zaxxer.hikari.HikariDataSource [SpringApplicationShutdownHook] HikariPool-1 - Shutdown initiated...
2023-06-29 21:26:11,310 INFO com.zaxxer.hikari.HikariDataSource [SpringApplicationShutdownHook] HikariPool-1 - Shutdown completed.
