2023-07-23 12:23:33,419 INFO org.hibernate.validator.internal.util.Version [background-preinit] HV000001: Hibernate Validator 6.2.5.Final
2023-07-23 12:23:33,420 INFO org.springframework.boot.StartupInfoLogger [main] Starting CozastoreJava21Application using Java 14.0.1 on DESKTOP-7M60ITO with PID 8520 (C:\Users\USER\Downloads\git_project\cozastore_java21\target\classes started by USER in C:\Users\USER\Downloads\git_project\cozastore_java21)
2023-07-23 12:23:33,427 INFO org.springframework.boot.SpringApplication [main] No active profile set, falling back to 1 default profile: "default"
2023-07-23 12:23:36,090 INFO org.springframework.data.repository.config.RepositoryConfigurationDelegate [main] Multiple Spring Data modules found, entering strict repository configuration mode
2023-07-23 12:23:36,093 INFO org.springframework.data.repository.config.RepositoryConfigurationDelegate [main] Bootstrapping Spring Data JPA repositories in DEFAULT mode.
2023-07-23 12:23:36,360 INFO org.springframework.data.repository.config.RepositoryConfigurationDelegate [main] Finished Spring Data repository scanning in 250 ms. Found 6 JPA repository interfaces.
2023-07-23 12:23:36,384 INFO org.springframework.data.repository.config.RepositoryConfigurationDelegate [main] Multiple Spring Data modules found, entering strict repository configuration mode
2023-07-23 12:23:36,385 INFO org.springframework.data.repository.config.RepositoryConfigurationDelegate [main] Bootstrapping Spring Data Redis repositories in DEFAULT mode.
2023-07-23 12:23:36,414 INFO org.springframework.data.repository.config.RepositoryConfigurationExtensionSupport [main] Spring Data Redis - Could not safely identify store assignment for repository candidate interface com.cybersoft.cozastore_java21.repository.CategoryRepository; If you want this repository to be a Redis repository, consider annotating your entities with one of these annotations: org.springframework.data.redis.core.RedisHash (preferred), or consider extending one of the following types with your repository: org.springframework.data.keyvalue.repository.KeyValueRepository
2023-07-23 12:23:36,415 INFO org.springframework.data.repository.config.RepositoryConfigurationExtensionSupport [main] Spring Data Redis - Could not safely identify store assignment for repository candidate interface com.cybersoft.cozastore_java21.repository.OrderDetailRepository; If you want this repository to be a Redis repository, consider annotating your entities with one of these annotations: org.springframework.data.redis.core.RedisHash (preferred), or consider extending one of the following types with your repository: org.springframework.data.keyvalue.repository.KeyValueRepository
2023-07-23 12:23:36,416 INFO org.springframework.data.repository.config.RepositoryConfigurationExtensionSupport [main] Spring Data Redis - Could not safely identify store assignment for repository candidate interface com.cybersoft.cozastore_java21.repository.OrderRepository; If you want this repository to be a Redis repository, consider annotating your entities with one of these annotations: org.springframework.data.redis.core.RedisHash (preferred), or consider extending one of the following types with your repository: org.springframework.data.keyvalue.repository.KeyValueRepository
2023-07-23 12:23:36,417 INFO org.springframework.data.repository.config.RepositoryConfigurationExtensionSupport [main] Spring Data Redis - Could not safely identify store assignment for repository candidate interface com.cybersoft.cozastore_java21.repository.ProductRepository; If you want this repository to be a Redis repository, consider annotating your entities with one of these annotations: org.springframework.data.redis.core.RedisHash (preferred), or consider extending one of the following types with your repository: org.springframework.data.keyvalue.repository.KeyValueRepository
2023-07-23 12:23:36,418 INFO org.springframework.data.repository.config.RepositoryConfigurationExtensionSupport [main] Spring Data Redis - Could not safely identify store assignment for repository candidate interface com.cybersoft.cozastore_java21.repository.SizeRepository; If you want this repository to be a Redis repository, consider annotating your entities with one of these annotations: org.springframework.data.redis.core.RedisHash (preferred), or consider extending one of the following types with your repository: org.springframework.data.keyvalue.repository.KeyValueRepository
2023-07-23 12:23:36,419 INFO org.springframework.data.repository.config.RepositoryConfigurationExtensionSupport [main] Spring Data Redis - Could not safely identify store assignment for repository candidate interface com.cybersoft.cozastore_java21.repository.UserRepository; If you want this repository to be a Redis repository, consider annotating your entities with one of these annotations: org.springframework.data.redis.core.RedisHash (preferred), or consider extending one of the following types with your repository: org.springframework.data.keyvalue.repository.KeyValueRepository
2023-07-23 12:23:36,420 INFO org.springframework.data.repository.config.RepositoryConfigurationDelegate [main] Finished Spring Data repository scanning in 19 ms. Found 0 Redis repository interfaces.
2023-07-23 12:23:38,484 INFO org.springframework.boot.web.embedded.tomcat.TomcatWebServer [main] Tomcat initialized with port(s): 8080 (http)
2023-07-23 12:23:38,498 INFO org.apache.juli.logging.DirectJDKLog [main] Initializing ProtocolHandler ["http-nio-8080"]
2023-07-23 12:23:38,498 INFO org.apache.juli.logging.DirectJDKLog [main] Starting service [Tomcat]
2023-07-23 12:23:38,499 INFO org.apache.juli.logging.DirectJDKLog [main] Starting Servlet engine: [Apache Tomcat/9.0.75]
2023-07-23 12:23:38,764 INFO org.apache.juli.logging.DirectJDKLog [main] Initializing Spring embedded WebApplicationContext
2023-07-23 12:23:38,765 INFO org.springframework.boot.web.servlet.context.ServletWebServerApplicationContext [main] Root WebApplicationContext: initialization completed in 5252 ms
2023-07-23 12:23:39,672 INFO org.hibernate.jpa.internal.util.LogHelper [main] HHH000204: Processing PersistenceUnitInfo [name: default]
2023-07-23 12:23:39,815 INFO org.hibernate.Version [main] HHH000412: Hibernate ORM core version 5.6.15.Final
2023-07-23 12:23:40,148 INFO org.hibernate.annotations.common.reflection.java.JavaReflectionManager [main] HCANN000001: Hibernate Commons Annotations {5.1.2.Final}
2023-07-23 12:23:40,326 INFO com.zaxxer.hikari.HikariDataSource [main] HikariPool-1 - Starting...
2023-07-23 12:23:41,001 INFO com.zaxxer.hikari.HikariDataSource [main] HikariPool-1 - Start completed.
2023-07-23 12:23:41,042 INFO org.hibernate.dialect.Dialect [main] HHH000400: Using dialect: org.hibernate.dialect.MySQL8Dialect
2023-07-23 12:23:41,746 WARN org.hibernate.mapping.RootClass [main] HHH000038: Composite-id class does not override equals(): com.cybersoft.cozastore_java21.entity.ids.CategoryTagIds
2023-07-23 12:23:41,747 WARN org.hibernate.mapping.RootClass [main] HHH000039: Composite-id class does not override hashCode(): com.cybersoft.cozastore_java21.entity.ids.CategoryTagIds
2023-07-23 12:23:41,748 WARN org.hibernate.mapping.RootClass [main] HHH000038: Composite-id class does not override equals(): com.cybersoft.cozastore_java21.entity.ids.OrderDetailIds
2023-07-23 12:23:41,748 WARN org.hibernate.mapping.RootClass [main] HHH000039: Composite-id class does not override hashCode(): com.cybersoft.cozastore_java21.entity.ids.OrderDetailIds
2023-07-23 12:23:41,750 WARN org.hibernate.mapping.RootClass [main] HHH000038: Composite-id class does not override equals(): com.cybersoft.cozastore_java21.entity.ids.TagBlogIds
2023-07-23 12:23:41,750 WARN org.hibernate.mapping.RootClass [main] HHH000039: Composite-id class does not override hashCode(): com.cybersoft.cozastore_java21.entity.ids.TagBlogIds
2023-07-23 12:23:42,333 INFO org.hibernate.engine.transaction.jta.platform.internal.JtaPlatformInitiator [main] HHH000490: Using JtaPlatform implementation: [org.hibernate.engine.transaction.jta.platform.internal.NoJtaPlatform]
2023-07-23 12:23:42,347 INFO org.springframework.orm.jpa.AbstractEntityManagerFactoryBean [main] Initialized JPA EntityManagerFactory for persistence unit 'default'
2023-07-23 12:23:43,401 INFO org.springframework.security.web.DefaultSecurityFilterChain [main] Will secure any request with [org.springframework.security.web.session.DisableEncodeUrlFilter@4cbd17b3, org.springframework.security.web.context.request.async.WebAsyncManagerIntegrationFilter@3a5c6009, org.springframework.security.web.context.SecurityContextPersistenceFilter@39ee07a9, org.springframework.security.web.header.HeaderWriterFilter@570ede3b, org.springframework.security.web.authentication.logout.LogoutFilter@1e084a26, com.cybersoft.cozastore_java21.filter.JwtFilter@2753316c, org.springframework.security.web.savedrequest.RequestCacheAwareFilter@7adde776, org.springframework.security.web.servletapi.SecurityContextHolderAwareRequestFilter@6a9a6a0c, org.springframework.security.web.authentication.AnonymousAuthenticationFilter@2c4e63b3, org.springframework.security.web.session.SessionManagementFilter@7a41f4a7, org.springframework.security.web.access.ExceptionTranslationFilter@476dc0af, org.springframework.security.web.access.intercept.AuthorizationFilter@38d9c9c4]
2023-07-23 12:23:43,502 WARN org.springframework.boot.autoconfigure.orm.jpa.JpaBaseConfiguration$JpaWebConfiguration [main] spring.jpa.open-in-view is enabled by default. Therefore, database queries may be performed during view rendering. Explicitly configure spring.jpa.open-in-view to disable this warning
2023-07-23 12:23:44,261 INFO org.apache.juli.logging.DirectJDKLog [main] Starting ProtocolHandler ["http-nio-8080"]
2023-07-23 12:23:44,305 INFO org.springframework.boot.web.embedded.tomcat.TomcatWebServer [main] Tomcat started on port(s): 8080 (http) with context path ''
2023-07-23 12:23:44,316 INFO org.springframework.boot.StartupInfoLogger [main] Started CozastoreJava21Application in 11.611 seconds (JVM running for 12.73)
2023-07-23 12:24:13,951 INFO org.apache.juli.logging.DirectJDKLog [http-nio-8080-exec-1] Initializing Spring DispatcherServlet 'dispatcherServlet'
2023-07-23 12:24:13,952 INFO org.springframework.web.servlet.FrameworkServlet [http-nio-8080-exec-1] Initializing Servlet 'dispatcherServlet'
2023-07-23 12:24:13,953 INFO org.springframework.web.servlet.FrameworkServlet [http-nio-8080-exec-1] Completed initialization in 1 ms
2023-07-23 13:03:02,257 INFO org.springframework.orm.jpa.AbstractEntityManagerFactoryBean [SpringApplicationShutdownHook] Closing JPA EntityManagerFactory for persistence unit 'default'
2023-07-23 13:03:02,261 INFO com.zaxxer.hikari.HikariDataSource [SpringApplicationShutdownHook] HikariPool-1 - Shutdown initiated...
2023-07-23 13:03:02,290 INFO com.zaxxer.hikari.HikariDataSource [SpringApplicationShutdownHook] HikariPool-1 - Shutdown completed.
2023-07-23 13:03:07,269 INFO org.hibernate.validator.internal.util.Version [background-preinit] HV000001: Hibernate Validator 6.2.5.Final
2023-07-23 13:03:07,280 INFO org.springframework.boot.StartupInfoLogger [main] Starting CozastoreJava21Application using Java 14.0.1 on DESKTOP-7M60ITO with PID 4320 (C:\Users\USER\Downloads\git_project\cozastore_java21\target\classes started by USER in C:\Users\USER\Downloads\git_project\cozastore_java21)
2023-07-23 13:03:07,286 INFO org.springframework.boot.SpringApplication [main] No active profile set, falling back to 1 default profile: "default"
2023-07-23 13:03:08,365 INFO org.springframework.data.repository.config.RepositoryConfigurationDelegate [main] Multiple Spring Data modules found, entering strict repository configuration mode
2023-07-23 13:03:08,369 INFO org.springframework.data.repository.config.RepositoryConfigurationDelegate [main] Bootstrapping Spring Data JPA repositories in DEFAULT mode.
2023-07-23 13:03:08,578 INFO org.springframework.data.repository.config.RepositoryConfigurationDelegate [main] Finished Spring Data repository scanning in 200 ms. Found 7 JPA repository interfaces.
2023-07-23 13:03:08,603 INFO org.springframework.data.repository.config.RepositoryConfigurationDelegate [main] Multiple Spring Data modules found, entering strict repository configuration mode
2023-07-23 13:03:08,606 INFO org.springframework.data.repository.config.RepositoryConfigurationDelegate [main] Bootstrapping Spring Data Redis repositories in DEFAULT mode.
2023-07-23 13:03:08,628 INFO org.springframework.data.repository.config.RepositoryConfigurationExtensionSupport [main] Spring Data Redis - Could not safely identify store assignment for repository candidate interface com.cybersoft.cozastore_java21.repository.CategoryRepository; If you want this repository to be a Redis repository, consider annotating your entities with one of these annotations: org.springframework.data.redis.core.RedisHash (preferred), or consider extending one of the following types with your repository: org.springframework.data.keyvalue.repository.KeyValueRepository
2023-07-23 13:03:08,629 INFO org.springframework.data.repository.config.RepositoryConfigurationExtensionSupport [main] Spring Data Redis - Could not safely identify store assignment for repository candidate interface com.cybersoft.cozastore_java21.repository.ColorRepository; If you want this repository to be a Redis repository, consider annotating your entities with one of these annotations: org.springframework.data.redis.core.RedisHash (preferred), or consider extending one of the following types with your repository: org.springframework.data.keyvalue.repository.KeyValueRepository
2023-07-23 13:03:08,630 INFO org.springframework.data.repository.config.RepositoryConfigurationExtensionSupport [main] Spring Data Redis - Could not safely identify store assignment for repository candidate interface com.cybersoft.cozastore_java21.repository.OrderDetailRepository; If you want this repository to be a Redis repository, consider annotating your entities with one of these annotations: org.springframework.data.redis.core.RedisHash (preferred), or consider extending one of the following types with your repository: org.springframework.data.keyvalue.repository.KeyValueRepository
2023-07-23 13:03:08,631 INFO org.springframework.data.repository.config.RepositoryConfigurationExtensionSupport [main] Spring Data Redis - Could not safely identify store assignment for repository candidate interface com.cybersoft.cozastore_java21.repository.OrderRepository; If you want this repository to be a Redis repository, consider annotating your entities with one of these annotations: org.springframework.data.redis.core.RedisHash (preferred), or consider extending one of the following types with your repository: org.springframework.data.keyvalue.repository.KeyValueRepository
2023-07-23 13:03:08,633 INFO org.springframework.data.repository.config.RepositoryConfigurationExtensionSupport [main] Spring Data Redis - Could not safely identify store assignment for repository candidate interface com.cybersoft.cozastore_java21.repository.ProductRepository; If you want this repository to be a Redis repository, consider annotating your entities with one of these annotations: org.springframework.data.redis.core.RedisHash (preferred), or consider extending one of the following types with your repository: org.springframework.data.keyvalue.repository.KeyValueRepository
2023-07-23 13:03:08,634 INFO org.springframework.data.repository.config.RepositoryConfigurationExtensionSupport [main] Spring Data Redis - Could not safely identify store assignment for repository candidate interface com.cybersoft.cozastore_java21.repository.SizeRepository; If you want this repository to be a Redis repository, consider annotating your entities with one of these annotations: org.springframework.data.redis.core.RedisHash (preferred), or consider extending one of the following types with your repository: org.springframework.data.keyvalue.repository.KeyValueRepository
2023-07-23 13:03:08,635 INFO org.springframework.data.repository.config.RepositoryConfigurationExtensionSupport [main] Spring Data Redis - Could not safely identify store assignment for repository candidate interface com.cybersoft.cozastore_java21.repository.UserRepository; If you want this repository to be a Redis repository, consider annotating your entities with one of these annotations: org.springframework.data.redis.core.RedisHash (preferred), or consider extending one of the following types with your repository: org.springframework.data.keyvalue.repository.KeyValueRepository
2023-07-23 13:03:08,635 INFO org.springframework.data.repository.config.RepositoryConfigurationDelegate [main] Finished Spring Data repository scanning in 17 ms. Found 0 Redis repository interfaces.
2023-07-23 13:03:09,661 INFO org.springframework.boot.web.embedded.tomcat.TomcatWebServer [main] Tomcat initialized with port(s): 8080 (http)
2023-07-23 13:03:09,676 INFO org.apache.juli.logging.DirectJDKLog [main] Initializing ProtocolHandler ["http-nio-8080"]
2023-07-23 13:03:09,677 INFO org.apache.juli.logging.DirectJDKLog [main] Starting service [Tomcat]
2023-07-23 13:03:09,677 INFO org.apache.juli.logging.DirectJDKLog [main] Starting Servlet engine: [Apache Tomcat/9.0.75]
2023-07-23 13:03:09,875 INFO org.apache.juli.logging.DirectJDKLog [main] Initializing Spring embedded WebApplicationContext
2023-07-23 13:03:09,876 INFO org.springframework.boot.web.servlet.context.ServletWebServerApplicationContext [main] Root WebApplicationContext: initialization completed in 2523 ms
2023-07-23 13:03:10,348 INFO org.hibernate.jpa.internal.util.LogHelper [main] HHH000204: Processing PersistenceUnitInfo [name: default]
2023-07-23 13:03:10,418 INFO org.hibernate.Version [main] HHH000412: Hibernate ORM core version 5.6.15.Final
2023-07-23 13:03:10,647 INFO org.hibernate.annotations.common.reflection.java.JavaReflectionManager [main] HCANN000001: Hibernate Commons Annotations {5.1.2.Final}
2023-07-23 13:03:10,774 INFO com.zaxxer.hikari.HikariDataSource [main] HikariPool-1 - Starting...
2023-07-23 13:03:11,196 INFO com.zaxxer.hikari.HikariDataSource [main] HikariPool-1 - Start completed.
2023-07-23 13:03:11,238 INFO org.hibernate.dialect.Dialect [main] HHH000400: Using dialect: org.hibernate.dialect.MySQL8Dialect
2023-07-23 13:03:12,043 WARN org.hibernate.mapping.RootClass [main] HHH000038: Composite-id class does not override equals(): com.cybersoft.cozastore_java21.entity.ids.CategoryTagIds
2023-07-23 13:03:12,043 WARN org.hibernate.mapping.RootClass [main] HHH000039: Composite-id class does not override hashCode(): com.cybersoft.cozastore_java21.entity.ids.CategoryTagIds
2023-07-23 13:03:12,044 WARN org.hibernate.mapping.RootClass [main] HHH000038: Composite-id class does not override equals(): com.cybersoft.cozastore_java21.entity.ids.OrderDetailIds
2023-07-23 13:03:12,044 WARN org.hibernate.mapping.RootClass [main] HHH000039: Composite-id class does not override hashCode(): com.cybersoft.cozastore_java21.entity.ids.OrderDetailIds
2023-07-23 13:03:12,045 WARN org.hibernate.mapping.RootClass [main] HHH000038: Composite-id class does not override equals(): com.cybersoft.cozastore_java21.entity.ids.TagBlogIds
2023-07-23 13:03:12,045 WARN org.hibernate.mapping.RootClass [main] HHH000039: Composite-id class does not override hashCode(): com.cybersoft.cozastore_java21.entity.ids.TagBlogIds
2023-07-23 13:03:12,519 INFO org.hibernate.engine.transaction.jta.platform.internal.JtaPlatformInitiator [main] HHH000490: Using JtaPlatform implementation: [org.hibernate.engine.transaction.jta.platform.internal.NoJtaPlatform]
2023-07-23 13:03:12,529 INFO org.springframework.orm.jpa.AbstractEntityManagerFactoryBean [main] Initialized JPA EntityManagerFactory for persistence unit 'default'
2023-07-23 13:03:13,406 INFO org.springframework.security.web.DefaultSecurityFilterChain [main] Will secure any request with [org.springframework.security.web.session.DisableEncodeUrlFilter@7baf7e2c, org.springframework.security.web.context.request.async.WebAsyncManagerIntegrationFilter@73d7e7aa, org.springframework.security.web.context.SecurityContextPersistenceFilter@70fcd3e5, org.springframework.security.web.header.HeaderWriterFilter@7adde776, org.springframework.security.web.authentication.logout.LogoutFilter@5a2297d7, com.cybersoft.cozastore_java21.filter.JwtFilter@4735d6e5, org.springframework.security.web.savedrequest.RequestCacheAwareFilter@9da386c, org.springframework.security.web.servletapi.SecurityContextHolderAwareRequestFilter@299cddbf, org.springframework.security.web.authentication.AnonymousAuthenticationFilter@349686e8, org.springframework.security.web.session.SessionManagementFilter@20040c6e, org.springframework.security.web.access.ExceptionTranslationFilter@39ee07a9, org.springframework.security.web.access.intercept.AuthorizationFilter@2a045e85]
2023-07-23 13:03:13,474 WARN org.springframework.boot.autoconfigure.orm.jpa.JpaBaseConfiguration$JpaWebConfiguration [main] spring.jpa.open-in-view is enabled by default. Therefore, database queries may be performed during view rendering. Explicitly configure spring.jpa.open-in-view to disable this warning
2023-07-23 13:03:13,945 INFO org.apache.juli.logging.DirectJDKLog [main] Starting ProtocolHandler ["http-nio-8080"]
2023-07-23 13:03:13,987 INFO org.springframework.boot.web.embedded.tomcat.TomcatWebServer [main] Tomcat started on port(s): 8080 (http) with context path ''
2023-07-23 13:03:13,997 INFO org.springframework.boot.StartupInfoLogger [main] Started CozastoreJava21Application in 7.221 seconds (JVM running for 7.918)
2023-07-23 13:04:37,344 INFO org.apache.juli.logging.DirectJDKLog [http-nio-8080-exec-2] Initializing Spring DispatcherServlet 'dispatcherServlet'
2023-07-23 13:04:37,345 INFO org.springframework.web.servlet.FrameworkServlet [http-nio-8080-exec-2] Initializing Servlet 'dispatcherServlet'
2023-07-23 13:04:37,346 INFO org.springframework.web.servlet.FrameworkServlet [http-nio-8080-exec-2] Completed initialization in 1 ms
2023-07-23 13:11:01,999 INFO org.springframework.orm.jpa.AbstractEntityManagerFactoryBean [SpringApplicationShutdownHook] Closing JPA EntityManagerFactory for persistence unit 'default'
2023-07-23 13:11:02,002 INFO com.zaxxer.hikari.HikariDataSource [SpringApplicationShutdownHook] HikariPool-1 - Shutdown initiated...
2023-07-23 13:11:02,037 INFO com.zaxxer.hikari.HikariDataSource [SpringApplicationShutdownHook] HikariPool-1 - Shutdown completed.
